--------------- Build Started: 03/22/2015 16:24:53 Project: IRT_EX5_1, Configuration: ARM GCC 4.7.3 Debug ---------------
cydsfit.exe "-.appdatapath" "C:\Users\Jonas\AppData\Local\Cypress Semiconductor\PSoC Creator\3.0" "-.fdsnotice" "-.fdswarpdepfile=warp_dependencies.txt" "-.fdselabdepfile=elab_dependencies.txt" "-.fdsbldfile=generated_files.txt" "-p" "C:\Users\Jonas\Dropbox\IRT PSoC4 solutions\E4IRT_EX5\IRT_EX5_1\IRT_EX5_1.cydsn\IRT_EX5_1.cyprj" "-d" "CY8C5868LTI-LP039" "-s" "C:\Users\Jonas\Dropbox\IRT PSoC4 solutions\E4IRT_EX5\IRT_EX5_1\IRT_EX5_1.cydsn\Generated_Source\PSoC5" "--" "-yv2" "-v3" "-ygs" "-q10" "-o2" "-.fftcfgtype=LE"
Elaborating Design...
HDL Generation ...
Synthesis ...
Place and Route ...
Tech mapping ...
Info: mpr.M0037: Unused pieces of the design have been optimized out. See the Tech mapping section of the report file for details. (App=cydsfit)
Analog Placement ...
Log: apr.M0058: The analog placement iterative improvement is 35% done. (App=cydsfit)
Log: apr.M0058: The analog placement iterative improvement is 76% done. (App=cydsfit)
Analog Routing ...
Analog Code Generation ...
Digital Placement ...
Info: plm.M0038: The pin named Vin(0) at location P0[1] prevents usage of special purposes: OpAmp:out. (App=cydsfit)
Info: plm.M0040: The pin named Diode_1(0) at location P3[5] prevents a direct input connection to an Opamp. (App=cydsfit)
Digital Routing ...
Bitstream Generation ...
Static timing analysis ...
API Generation ...
Dependency Generation ...
Clean Temporary Files ...
arm-none-eabi-gcc.exe -I. -I./Generated_Source/PSoC5 -Wno-main -mcpu=cortex-m3 -mthumb -Wall -g -D DEBUG -Wa,-alh=.\CortexM3\ARM_GCC_473\Debug\cyfitter_cfg.lst -ffunction-sections -c .\Generated_Source\PSoC5\cyfitter_cfg.c -o .\CortexM3\ARM_GCC_473\Debug\cyfitter_cfg.o
arm-none-eabi-ar.exe -rs .\CortexM3\ARM_GCC_473\Debug\IRT_EX5_1.a .\CortexM3\ARM_GCC_473\Debug\cyfitter_cfg.o .\CortexM3\ARM_GCC_473\Debug\Bootloadable_1.o .\CortexM3\ARM_GCC_473\Debug\CyBootAsmGnu.o .\CortexM3\ARM_GCC_473\Debug\CyDmac.o .\CortexM3\ARM_GCC_473\Debug\CyFlash.o .\CortexM3\ARM_GCC_473\Debug\CyLib.o .\CortexM3\ARM_GCC_473\Debug\cyPm.o .\CortexM3\ARM_GCC_473\Debug\CySpc.o .\CortexM3\ARM_GCC_473\Debug\cyutils.o .\CortexM3\ARM_GCC_473\Debug\Diode_1.o .\CortexM3\ARM_GCC_473\Debug\ADC_DelSig_1.o .\CortexM3\ARM_GCC_473\Debug\ADC_DelSig_1_PM.o .\CortexM3\ARM_GCC_473\Debug\ADC_DelSig_1_INT.o .\CortexM3\ARM_GCC_473\Debug\Opamp_1.o .\CortexM3\ARM_GCC_473\Debug\Opamp_1_PM.o .\CortexM3\ARM_GCC_473\Debug\Vref.o .\CortexM3\ARM_GCC_473\Debug\Opamp_3.o .\CortexM3\ARM_GCC_473\Debug\Opamp_3_PM.o .\CortexM3\ARM_GCC_473\Debug\VDAC8_1.o .\CortexM3\ARM_GCC_473\Debug\VDAC8_1_PM.o .\CortexM3\ARM_GCC_473\Debug\VDAC8_2.o .\CortexM3\ARM_GCC_473\Debug\VDAC8_2_PM.o .\CortexM3\ARM_GCC_473\Debug\Clock_1.o .\CortexM3\ARM_GCC_473\Debug\isr.o .\CortexM3\ARM_GCC_473\Debug\Vin.o .\CortexM3\ARM_GCC_473\Debug\ADC_DelSig_1_Ext_CP_Clk.o .\CortexM3\ARM_GCC_473\Debug\ADC_DelSig_1_IRQ.o .\CortexM3\ARM_GCC_473\Debug\ADC_DelSig_1_theACLK.o .\CortexM3\ARM_GCC_473\Debug\Vout.o
arm-none-eabi-ar.exe: creating .\CortexM3\ARM_GCC_473\Debug\IRT_EX5_1.a
arm-none-eabi-gcc.exe -mthumb -march=armv7-m -mfix-cortex-m3-ldrd -T .\Generated_Source\PSoC5\cm3gcc.ld -g -Wl,-Map,.\CortexM3\ARM_GCC_473\Debug\IRT_EX5_1.map -Wl,--gc-sections -Wl,--start-group -o .\CortexM3\ARM_GCC_473\Debug\IRT_EX5_1.elf .\CortexM3\ARM_GCC_473\Debug\main.o .\CortexM3\ARM_GCC_473\Debug\cybootloader.o .\CortexM3\ARM_GCC_473\Debug\cymetadata.o .\CortexM3\ARM_GCC_473\Debug\Cm3Start.o .\CortexM3\ARM_GCC_473\Debug\IRT_EX5_1.a "C:\Program Files (x86)\Cypress\PSoC Creator\3.0\PSoC Creator\psoc\content\cycomponentlibrary\CyComponentLibrary.cylib\CortexM3\ARM_GCC_473\Debug\CyComponentLibrary.a" -Wl,--end-group
cyelftool.exe -B "C:\Users\Jonas\Dropbox\IRT PSoC4 solutions\E4IRT_EX5\IRT_EX5_1\IRT_EX5_1.cydsn\CortexM3\ARM_GCC_473\Debug\IRT_EX5_1.elf" --flash_row_size 256 --flash_size 262144 --flash_array_size 65536 --ee_array 64 --ee_row_size 16
cyelftool.exe -S "C:\Users\Jonas\Dropbox\IRT PSoC4 solutions\E4IRT_EX5\IRT_EX5_1\IRT_EX5_1.cydsn\CortexM3\ARM_GCC_473\Debug\IRT_EX5_1.elf"
Flash used: 21392 of 262144 bytes (8.2 %).
SRAM used: 21901 of 65536 bytes (33.4 %).
--------------- Build Succeeded: 03/22/2015 16:25:18 ---------------
