--------------- Build Started: 04/08/2015 21:29:59 Project: IRT_EX5_2, Configuration: ARM GCC 4.7.3 Debug ---------------
cydsfit.exe "-.appdatapath" "C:\Users\Jonas\AppData\Local\Cypress Semiconductor\PSoC Creator\3.0" "-.fdsnotice" "-.fdswarpdepfile=warp_dependencies.txt" "-.fdselabdepfile=elab_dependencies.txt" "-.fdsbldfile=generated_files.txt" "-p" "C:\Users\Jonas\Dropbox\IRT PSoC4 solutions\E4IRT_EX5\IRT_EX5_3\IRT_EX5_2.cydsn\IRT_EX5_2.cyprj" "-d" "CY8C5868LTI-LP039" "-s" "C:\Users\Jonas\Dropbox\IRT PSoC4 solutions\E4IRT_EX5\IRT_EX5_3\IRT_EX5_2.cydsn\Generated_Source\PSoC5" "--" "-yv2" "-v3" "-ygs" "-q10" "-o2" "-.fftcfgtype=LE"
Elaborating Design...
HDL Generation ...
Synthesis ...
Place and Route ...
Tech mapping ...
Info: mpr.M0037: Unused pieces of the design have been optimized out. See the Tech mapping section of the report file for details. (App=cydsfit)
Analog Placement ...
Log: apr.M0058: The analog placement iterative improvement is 37% done. (App=cydsfit)
Log: apr.M0058: The analog placement iterative improvement is 77% done. (App=cydsfit)
Analog Routing ...
Analog Code Generation ...
Digital Placement ...
Info: plm.M0038: The pin named Vin(0) at location P0[1] prevents usage of special purposes: OpAmp:out. (App=cydsfit)
Info: plm.M0040: The pin named Diode_1(0) at location P3[5] prevents a direct input connection to an Opamp. (App=cydsfit)
Digital Routing ...
Bitstream Generation ...
Static timing analysis ...
API Generation ...
Dependency Generation ...
Clean Temporary Files ...
arm-none-eabi-gcc.exe -I. -I./Generated_Source/PSoC5 -Wno-main -mcpu=cortex-m3 -mthumb -Wall -g -D DEBUG -Wa,-alh=.\CortexM3\ARM_GCC_473\Debug\main.lst -ffunction-sections -c .\main.c -o .\CortexM3\ARM_GCC_473\Debug\main.o
.\main.c:32:1: warning: variably modified 'buffer' at file scope [enabled by default]
arm-none-eabi-gcc.exe -I. -I./Generated_Source/PSoC5 -Wno-main -mcpu=cortex-m3 -mthumb -Wall -g -D DEBUG -Wa,-alh=.\CortexM3\ARM_GCC_473\Debug\cyfitter_cfg.lst -ffunction-sections -c .\Generated_Source\PSoC5\cyfitter_cfg.c -o .\CortexM3\ARM_GCC_473\Debug\cyfitter_cfg.o
arm-none-eabi-gcc.exe -I. -I./Generated_Source/PSoC5 -Wno-main -mcpu=cortex-m3 -mthumb -Wall -g -D DEBUG -Wa,-alh=.\CortexM3\ARM_GCC_473\Debug\cybootloader.lst -ffunction-sections -c .\Generated_Source\PSoC5\cybootloader.c -o .\CortexM3\ARM_GCC_473\Debug\cybootloader.o
arm-none-eabi-gcc.exe -I. -I./Generated_Source/PSoC5 -Wno-main -mcpu=cortex-m3 -mthumb -Wall -g -D DEBUG -Wa,-alh=.\CortexM3\ARM_GCC_473\Debug\cymetadata.lst -ffunction-sections -c .\Generated_Source\PSoC5\cymetadata.c -o .\CortexM3\ARM_GCC_473\Debug\cymetadata.o
arm-none-eabi-gcc.exe -I. -I./Generated_Source/PSoC5 -Wno-main -mcpu=cortex-m3 -mthumb -Wall -g -D DEBUG -Wa,-alh=.\CortexM3\ARM_GCC_473\Debug\Bootloadable_1.lst -ffunction-sections -c .\Generated_Source\PSoC5\Bootloadable_1.c -o .\CortexM3\ARM_GCC_473\Debug\Bootloadable_1.o
arm-none-eabi-gcc.exe -I. -I./Generated_Source/PSoC5 -Wno-main -mcpu=cortex-m3 -mthumb -Wall -g -D DEBUG -Wa,-alh=.\CortexM3\ARM_GCC_473\Debug\Cm3Start.lst -ffunction-sections -c .\Generated_Source\PSoC5\Cm3Start.c -o .\CortexM3\ARM_GCC_473\Debug\Cm3Start.o
arm-none-eabi-as.exe -I. -I./Generated_Source/PSoC5 -mcpu=cortex-m3 -mthumb -g -alh=.\CortexM3\ARM_GCC_473\Debug/CyBootAsmGnu.lst -o .\CortexM3\ARM_GCC_473\Debug\CyBootAsmGnu.o .\Generated_Source\PSoC5\CyBootAsmGnu.s
arm-none-eabi-gcc.exe -I. -I./Generated_Source/PSoC5 -Wno-main -mcpu=cortex-m3 -mthumb -Wall -g -D DEBUG -Wa,-alh=.\CortexM3\ARM_GCC_473\Debug\CyDmac.lst -ffunction-sections -c .\Generated_Source\PSoC5\CyDmac.c -o .\CortexM3\ARM_GCC_473\Debug\CyDmac.o
arm-none-eabi-gcc.exe -I. -I./Generated_Source/PSoC5 -Wno-main -mcpu=cortex-m3 -mthumb -Wall -g -D DEBUG -Wa,-alh=.\CortexM3\ARM_GCC_473\Debug\CyFlash.lst -ffunction-sections -c .\Generated_Source\PSoC5\CyFlash.c -o .\CortexM3\ARM_GCC_473\Debug\CyFlash.o
arm-none-eabi-gcc.exe -I. -I./Generated_Source/PSoC5 -Wno-main -mcpu=cortex-m3 -mthumb -Wall -g -D DEBUG -Wa,-alh=.\CortexM3\ARM_GCC_473\Debug\CyLib.lst -ffunction-sections -c .\Generated_Source\PSoC5\CyLib.c -o .\CortexM3\ARM_GCC_473\Debug\CyLib.o
arm-none-eabi-gcc.exe -I. -I./Generated_Source/PSoC5 -Wno-main -mcpu=cortex-m3 -mthumb -Wall -g -D DEBUG -Wa,-alh=.\CortexM3\ARM_GCC_473\Debug\cyPm.lst -ffunction-sections -c .\Generated_Source\PSoC5\cyPm.c -o .\CortexM3\ARM_GCC_473\Debug\cyPm.o
arm-none-eabi-gcc.exe -I. -I./Generated_Source/PSoC5 -Wno-main -mcpu=cortex-m3 -mthumb -Wall -g -D DEBUG -Wa,-alh=.\CortexM3\ARM_GCC_473\Debug\CySpc.lst -ffunction-sections -c .\Generated_Source\PSoC5\CySpc.c -o .\CortexM3\ARM_GCC_473\Debug\CySpc.o
arm-none-eabi-gcc.exe -I. -I./Generated_Source/PSoC5 -Wno-main -mcpu=cortex-m3 -mthumb -Wall -g -D DEBUG -Wa,-alh=.\CortexM3\ARM_GCC_473\Debug\cyutils.lst -ffunction-sections -c .\Generated_Source\PSoC5\cyutils.c -o .\CortexM3\ARM_GCC_473\Debug\cyutils.o
arm-none-eabi-gcc.exe -I. -I./Generated_Source/PSoC5 -Wno-main -mcpu=cortex-m3 -mthumb -Wall -g -D DEBUG -Wa,-alh=.\CortexM3\ARM_GCC_473\Debug\Diode_1.lst -ffunction-sections -c .\Generated_Source\PSoC5\Diode_1.c -o .\CortexM3\ARM_GCC_473\Debug\Diode_1.o
arm-none-eabi-gcc.exe -I. -I./Generated_Source/PSoC5 -Wno-main -mcpu=cortex-m3 -mthumb -Wall -g -D DEBUG -Wa,-alh=.\CortexM3\ARM_GCC_473\Debug\ADC_DelSig_1.lst -ffunction-sections -c .\Generated_Source\PSoC5\ADC_DelSig_1.c -o .\CortexM3\ARM_GCC_473\Debug\ADC_DelSig_1.o
arm-none-eabi-gcc.exe -I. -I./Generated_Source/PSoC5 -Wno-main -mcpu=cortex-m3 -mthumb -Wall -g -D DEBUG -Wa,-alh=.\CortexM3\ARM_GCC_473\Debug\ADC_DelSig_1_PM.lst -ffunction-sections -c .\Generated_Source\PSoC5\ADC_DelSig_1_PM.c -o .\CortexM3\ARM_GCC_473\Debug\ADC_DelSig_1_PM.o
arm-none-eabi-gcc.exe -I. -I./Generated_Source/PSoC5 -Wno-main -mcpu=cortex-m3 -mthumb -Wall -g -D DEBUG -Wa,-alh=.\CortexM3\ARM_GCC_473\Debug\ADC_DelSig_1_INT.lst -ffunction-sections -c .\Generated_Source\PSoC5\ADC_DelSig_1_INT.c -o .\CortexM3\ARM_GCC_473\Debug\ADC_DelSig_1_INT.o
arm-none-eabi-gcc.exe -I. -I./Generated_Source/PSoC5 -Wno-main -mcpu=cortex-m3 -mthumb -Wall -g -D DEBUG -Wa,-alh=.\CortexM3\ARM_GCC_473\Debug\Opamp_1.lst -ffunction-sections -c .\Generated_Source\PSoC5\Opamp_1.c -o .\CortexM3\ARM_GCC_473\Debug\Opamp_1.o
arm-none-eabi-gcc.exe -I. -I./Generated_Source/PSoC5 -Wno-main -mcpu=cortex-m3 -mthumb -Wall -g -D DEBUG -Wa,-alh=.\CortexM3\ARM_GCC_473\Debug\Opamp_1_PM.lst -ffunction-sections -c .\Generated_Source\PSoC5\Opamp_1_PM.c -o .\CortexM3\ARM_GCC_473\Debug\Opamp_1_PM.o
arm-none-eabi-gcc.exe -I. -I./Generated_Source/PSoC5 -Wno-main -mcpu=cortex-m3 -mthumb -Wall -g -D DEBUG -Wa,-alh=.\CortexM3\ARM_GCC_473\Debug\Vref.lst -ffunction-sections -c .\Generated_Source\PSoC5\Vref.c -o .\CortexM3\ARM_GCC_473\Debug\Vref.o
arm-none-eabi-gcc.exe -I. -I./Generated_Source/PSoC5 -Wno-main -mcpu=cortex-m3 -mthumb -Wall -g -D DEBUG -Wa,-alh=.\CortexM3\ARM_GCC_473\Debug\Opamp_3.lst -ffunction-sections -c .\Generated_Source\PSoC5\Opamp_3.c -o .\CortexM3\ARM_GCC_473\Debug\Opamp_3.o
arm-none-eabi-gcc.exe -I. -I./Generated_Source/PSoC5 -Wno-main -mcpu=cortex-m3 -mthumb -Wall -g -D DEBUG -Wa,-alh=.\CortexM3\ARM_GCC_473\Debug\Opamp_3_PM.lst -ffunction-sections -c .\Generated_Source\PSoC5\Opamp_3_PM.c -o .\CortexM3\ARM_GCC_473\Debug\Opamp_3_PM.o
arm-none-eabi-gcc.exe -I. -I./Generated_Source/PSoC5 -Wno-main -mcpu=cortex-m3 -mthumb -Wall -g -D DEBUG -Wa,-alh=.\CortexM3\ARM_GCC_473\Debug\VDAC8_1.lst -ffunction-sections -c .\Generated_Source\PSoC5\VDAC8_1.c -o .\CortexM3\ARM_GCC_473\Debug\VDAC8_1.o
arm-none-eabi-gcc.exe -I. -I./Generated_Source/PSoC5 -Wno-main -mcpu=cortex-m3 -mthumb -Wall -g -D DEBUG -Wa,-alh=.\CortexM3\ARM_GCC_473\Debug\VDAC8_1_PM.lst -ffunction-sections -c .\Generated_Source\PSoC5\VDAC8_1_PM.c -o .\CortexM3\ARM_GCC_473\Debug\VDAC8_1_PM.o
arm-none-eabi-gcc.exe -I. -I./Generated_Source/PSoC5 -Wno-main -mcpu=cortex-m3 -mthumb -Wall -g -D DEBUG -Wa,-alh=.\CortexM3\ARM_GCC_473\Debug\VDAC8_2.lst -ffunction-sections -c .\Generated_Source\PSoC5\VDAC8_2.c -o .\CortexM3\ARM_GCC_473\Debug\VDAC8_2.o
arm-none-eabi-gcc.exe -I. -I./Generated_Source/PSoC5 -Wno-main -mcpu=cortex-m3 -mthumb -Wall -g -D DEBUG -Wa,-alh=.\CortexM3\ARM_GCC_473\Debug\VDAC8_2_PM.lst -ffunction-sections -c .\Generated_Source\PSoC5\VDAC8_2_PM.c -o .\CortexM3\ARM_GCC_473\Debug\VDAC8_2_PM.o
arm-none-eabi-gcc.exe -I. -I./Generated_Source/PSoC5 -Wno-main -mcpu=cortex-m3 -mthumb -Wall -g -D DEBUG -Wa,-alh=.\CortexM3\ARM_GCC_473\Debug\Clock_1.lst -ffunction-sections -c .\Generated_Source\PSoC5\Clock_1.c -o .\CortexM3\ARM_GCC_473\Debug\Clock_1.o
arm-none-eabi-gcc.exe -I. -I./Generated_Source/PSoC5 -Wno-main -mcpu=cortex-m3 -mthumb -Wall -g -D DEBUG -Wa,-alh=.\CortexM3\ARM_GCC_473\Debug\isr.lst -ffunction-sections -c .\Generated_Source\PSoC5\isr.c -o .\CortexM3\ARM_GCC_473\Debug\isr.o
arm-none-eabi-gcc.exe -I. -I./Generated_Source/PSoC5 -Wno-main -mcpu=cortex-m3 -mthumb -Wall -g -D DEBUG -Wa,-alh=.\CortexM3\ARM_GCC_473\Debug\Vin.lst -ffunction-sections -c .\Generated_Source\PSoC5\Vin.c -o .\CortexM3\ARM_GCC_473\Debug\Vin.o
arm-none-eabi-gcc.exe -I. -I./Generated_Source/PSoC5 -Wno-main -mcpu=cortex-m3 -mthumb -Wall -g -D DEBUG -Wa,-alh=.\CortexM3\ARM_GCC_473\Debug\ADC_DelSig_1_Ext_CP_Clk.lst -ffunction-sections -c .\Generated_Source\PSoC5\ADC_DelSig_1_Ext_CP_Clk.c -o .\CortexM3\ARM_GCC_473\Debug\ADC_DelSig_1_Ext_CP_Clk.o
arm-none-eabi-gcc.exe -I. -I./Generated_Source/PSoC5 -Wno-main -mcpu=cortex-m3 -mthumb -Wall -g -D DEBUG -Wa,-alh=.\CortexM3\ARM_GCC_473\Debug\ADC_DelSig_1_IRQ.lst -ffunction-sections -c .\Generated_Source\PSoC5\ADC_DelSig_1_IRQ.c -o .\CortexM3\ARM_GCC_473\Debug\ADC_DelSig_1_IRQ.o
arm-none-eabi-gcc.exe -I. -I./Generated_Source/PSoC5 -Wno-main -mcpu=cortex-m3 -mthumb -Wall -g -D DEBUG -Wa,-alh=.\CortexM3\ARM_GCC_473\Debug\ADC_DelSig_1_theACLK.lst -ffunction-sections -c .\Generated_Source\PSoC5\ADC_DelSig_1_theACLK.c -o .\CortexM3\ARM_GCC_473\Debug\ADC_DelSig_1_theACLK.o
arm-none-eabi-gcc.exe -I. -I./Generated_Source/PSoC5 -Wno-main -mcpu=cortex-m3 -mthumb -Wall -g -D DEBUG -Wa,-alh=.\CortexM3\ARM_GCC_473\Debug\Vout.lst -ffunction-sections -c .\Generated_Source\PSoC5\Vout.c -o .\CortexM3\ARM_GCC_473\Debug\Vout.o
arm-none-eabi-gcc.exe -I. -I./Generated_Source/PSoC5 -Wno-main -mcpu=cortex-m3 -mthumb -Wall -g -D DEBUG -Wa,-alh=.\CortexM3\ARM_GCC_473\Debug\DMA_1_dma.lst -ffunction-sections -c .\Generated_Source\PSoC5\DMA_1_dma.c -o .\CortexM3\ARM_GCC_473\Debug\DMA_1_dma.o
arm-none-eabi-gcc.exe -I. -I./Generated_Source/PSoC5 -Wno-main -mcpu=cortex-m3 -mthumb -Wall -g -D DEBUG -Wa,-alh=.\CortexM3\ARM_GCC_473\Debug\Filter.lst -ffunction-sections -c .\Generated_Source\PSoC5\Filter.c -o .\CortexM3\ARM_GCC_473\Debug\Filter.o
arm-none-eabi-gcc.exe -I. -I./Generated_Source/PSoC5 -Wno-main -mcpu=cortex-m3 -mthumb -Wall -g -D DEBUG -Wa,-alh=.\CortexM3\ARM_GCC_473\Debug\Filter_PM.lst -ffunction-sections -c .\Generated_Source\PSoC5\Filter_PM.c -o .\CortexM3\ARM_GCC_473\Debug\Filter_PM.o
arm-none-eabi-gcc.exe -I. -I./Generated_Source/PSoC5 -Wno-main -mcpu=cortex-m3 -mthumb -Wall -g -D DEBUG -Wa,-alh=.\CortexM3\ARM_GCC_473\Debug\Filter_PVT.lst -ffunction-sections -c .\Generated_Source\PSoC5\Filter_PVT.c -o .\CortexM3\ARM_GCC_473\Debug\Filter_PVT.o
arm-none-eabi-gcc.exe -I. -I./Generated_Source/PSoC5 -Wno-main -mcpu=cortex-m3 -mthumb -Wall -g -D DEBUG -Wa,-alh=.\CortexM3\ARM_GCC_473\Debug\Filter_RAM_Data.lst -ffunction-sections -c .\Generated_Source\PSoC5\Filter_RAM_Data.c -o .\CortexM3\ARM_GCC_473\Debug\Filter_RAM_Data.o
arm-none-eabi-gcc.exe -I. -I./Generated_Source/PSoC5 -Wno-main -mcpu=cortex-m3 -mthumb -Wall -g -D DEBUG -Wa,-alh=.\CortexM3\ARM_GCC_473\Debug\Filter_Coefficients.lst -ffunction-sections -c .\Generated_Source\PSoC5\Filter_Coefficients.c -o .\CortexM3\ARM_GCC_473\Debug\Filter_Coefficients.o
arm-none-eabi-ar.exe -rs .\CortexM3\ARM_GCC_473\Debug\IRT_EX5_2.a .\CortexM3\ARM_GCC_473\Debug\cyfitter_cfg.o .\CortexM3\ARM_GCC_473\Debug\Bootloadable_1.o .\CortexM3\ARM_GCC_473\Debug\CyBootAsmGnu.o .\CortexM3\ARM_GCC_473\Debug\CyDmac.o .\CortexM3\ARM_GCC_473\Debug\CyFlash.o .\CortexM3\ARM_GCC_473\Debug\CyLib.o .\CortexM3\ARM_GCC_473\Debug\cyPm.o .\CortexM3\ARM_GCC_473\Debug\CySpc.o .\CortexM3\ARM_GCC_473\Debug\cyutils.o .\CortexM3\ARM_GCC_473\Debug\Diode_1.o .\CortexM3\ARM_GCC_473\Debug\ADC_DelSig_1.o .\CortexM3\ARM_GCC_473\Debug\ADC_DelSig_1_PM.o .\CortexM3\ARM_GCC_473\Debug\ADC_DelSig_1_INT.o .\CortexM3\ARM_GCC_473\Debug\Opamp_1.o .\CortexM3\ARM_GCC_473\Debug\Opamp_1_PM.o .\CortexM3\ARM_GCC_473\Debug\Vref.o .\CortexM3\ARM_GCC_473\Debug\Opamp_3.o .\CortexM3\ARM_GCC_473\Debug\Opamp_3_PM.o .\CortexM3\ARM_GCC_473\Debug\VDAC8_1.o .\CortexM3\ARM_GCC_473\Debug\VDAC8_1_PM.o .\CortexM3\ARM_GCC_473\Debug\VDAC8_2.o .\CortexM3\ARM_GCC_473\Debug\VDAC8_2_PM.o .\CortexM3\ARM_GCC_473\Debug\Clock_1.o .\CortexM3\ARM_GCC_473\Debug\isr.o .\CortexM3\ARM_GCC_473\Debug\Vin.o .\CortexM3\ARM_GCC_473\Debug\ADC_DelSig_1_Ext_CP_Clk.o .\CortexM3\ARM_GCC_473\Debug\ADC_DelSig_1_IRQ.o .\CortexM3\ARM_GCC_473\Debug\ADC_DelSig_1_theACLK.o .\CortexM3\ARM_GCC_473\Debug\Vout.o .\CortexM3\ARM_GCC_473\Debug\DMA_1_dma.o .\CortexM3\ARM_GCC_473\Debug\Filter.o .\CortexM3\ARM_GCC_473\Debug\Filter_PM.o .\CortexM3\ARM_GCC_473\Debug\Filter_PVT.o .\CortexM3\ARM_GCC_473\Debug\Filter_RAM_Data.o .\CortexM3\ARM_GCC_473\Debug\Filter_Coefficients.o
arm-none-eabi-ar.exe: creating .\CortexM3\ARM_GCC_473\Debug\IRT_EX5_2.a
arm-none-eabi-gcc.exe -mthumb -march=armv7-m -mfix-cortex-m3-ldrd -T .\Generated_Source\PSoC5\cm3gcc.ld -g -Wl,-Map,.\CortexM3\ARM_GCC_473\Debug\IRT_EX5_2.map -Wl,--gc-sections -Wl,--start-group -o .\CortexM3\ARM_GCC_473\Debug\IRT_EX5_2.elf .\CortexM3\ARM_GCC_473\Debug\main.o .\CortexM3\ARM_GCC_473\Debug\cybootloader.o .\CortexM3\ARM_GCC_473\Debug\cymetadata.o .\CortexM3\ARM_GCC_473\Debug\Cm3Start.o .\CortexM3\ARM_GCC_473\Debug\IRT_EX5_2.a "C:\Program Files (x86)\Cypress\PSoC Creator\3.0\PSoC Creator\psoc\content\cycomponentlibrary\CyComponentLibrary.cylib\CortexM3\ARM_GCC_473\Debug\CyComponentLibrary.a" -Wl,--end-group
cyelftool.exe -B "C:\Users\Jonas\Dropbox\IRT PSoC4 solutions\E4IRT_EX5\IRT_EX5_3\IRT_EX5_2.cydsn\CortexM3\ARM_GCC_473\Debug\IRT_EX5_2.elf" --flash_row_size 256 --flash_size 262144 --flash_array_size 65536 --ee_array 64 --ee_row_size 16
cyelftool.exe -S "C:\Users\Jonas\Dropbox\IRT PSoC4 solutions\E4IRT_EX5\IRT_EX5_3\IRT_EX5_2.cydsn\CortexM3\ARM_GCC_473\Debug\IRT_EX5_2.elf"
Flash used: 26200 of 262144 bytes (10.0 %).
SRAM used: 21925 of 65536 bytes (33.5 %).
--------------- Build Succeeded: 04/08/2015 21:30:49 ---------------
