ARM GAS  C:\Users\Jonas\AppData\Local\Temp\ccH6E3Kz.s 			page 1


   1              		.syntax unified
   2              		.cpu cortex-m3
   3              		.fpu softvfp
   4              		.eabi_attribute 20, 1
   5              		.eabi_attribute 21, 1
   6              		.eabi_attribute 23, 3
   7              		.eabi_attribute 24, 1
   8              		.eabi_attribute 25, 1
   9              		.eabi_attribute 26, 1
  10              		.eabi_attribute 30, 6
  11              		.eabi_attribute 34, 1
  12              		.eabi_attribute 18, 4
  13              		.thumb
  14              		.file	"main.c"
  15              		.text
  16              	.Ltext0:
  17              		.cfi_sections	.debug_frame
  18              		.global	i
  19              		.bss
  20              		.type	i, %object
  21              		.size	i, 1
  22              	i:
  23 0000 00       		.space	1
  24              		.comm	dataArray,4,4
  25              		.global	nextIn
  26 0001 00       		.align	1
  27              		.type	nextIn, %object
  28              		.size	nextIn, 2
  29              	nextIn:
  30 0002 0000     		.space	2
  31              		.global	nextOut
  32              		.data
  33              		.align	1
  34              		.type	nextOut, %object
  35              		.size	nextOut, 2
  36              	nextOut:
  37 0000 0100     		.short	1
  38              		.global	size
  39              		.bss
  40              		.align	1
  41              		.type	size, %object
  42              		.size	size, 2
  43              	size:
  44 0004 0000     		.space	2
  45              		.comm	buffer,3,4
  46              		.global	__aeabi_i2d
  47              		.global	__aeabi_dcmpge
  48              		.section	.text.filterVDAC,"ax",%progbits
  49              		.align	2
  50              		.global	filterVDAC
  51              		.thumb
  52              		.thumb_func
  53              		.type	filterVDAC, %function
  54              	filterVDAC:
  55              	.LFB56:
  56              		.file 1 ".\\main.c"
   1:.\main.c      **** /* ========================================
ARM GAS  C:\Users\Jonas\AppData\Local\Temp\ccH6E3Kz.s 			page 2


   2:.\main.c      ****  *
   3:.\main.c      ****  * Copyright YOUR COMPANY, THE YEAR
   4:.\main.c      ****  * All Rights Reserved
   5:.\main.c      ****  * UNPUBLISHED, LICENSED SOFTWARE.
   6:.\main.c      ****  *
   7:.\main.c      ****  * CONFIDENTIAL AND PROPRIETARY INFORMATION
   8:.\main.c      ****  * WHICH IS THE PROPERTY OF your company.
   9:.\main.c      ****  *
  10:.\main.c      ****  * ========================================
  11:.\main.c      **** */
  12:.\main.c      **** #include <project.h>
  13:.\main.c      **** //INDSÆT DET ØNSKEDE DELAY OG DEN BRUGTE SAMPLEFREKVENS PÅ CLOCK_1
  14:.\main.c      **** #define TIME_DELAY_US 800
  15:.\main.c      **** #define SAMPLE_FREQUENCY_HZ 2500.0
  16:.\main.c      **** //-------------------------------------------------------------
  17:.\main.c      **** 
  18:.\main.c      **** 
  19:.\main.c      **** #define DMA_1_BYTES_PER_BURST 1
  20:.\main.c      **** #define DMA_1_REQUEST_PER_BURST 1
  21:.\main.c      **** #define DMA_1_SRC_BASE (CYDEV_PERIPH_BASE)
  22:.\main.c      **** #define DMA_1_DST_BASE (CYDEV_PERIPH_BASE)
  23:.\main.c      **** 
  24:.\main.c      **** uint8 i = 0; 
  25:.\main.c      **** uint8 *dataArray;
  26:.\main.c      **** uint16 nextIn = 0;              
  27:.\main.c      **** uint16 nextOut = 1;             
  28:.\main.c      **** uint16 size = 0;   
  29:.\main.c      **** 
  30:.\main.c      **** 
  31:.\main.c      **** #define SAMPLEDELAY (TIME_DELAY_US*(1.0/1000000.0))/(1.0/SAMPLE_FREQUENCY_HZ)+1
  32:.\main.c      **** uint8 buffer[(int)(SAMPLEDELAY+0.5)];
  33:.\main.c      **** 
  34:.\main.c      **** 
  35:.\main.c      **** void setupDMA();
  36:.\main.c      **** 
  37:.\main.c      **** CY_ISR(filterVDAC)
  38:.\main.c      **** {
  57              		.loc 1 38 0
  58              		.cfi_startproc
  59              		@ args = 0, pretend = 0, frame = 0
  60              		@ frame_needed = 1, uses_anonymous_args = 0
  61 0000 80B5     		push	{r7, lr}
  62              	.LCFI0:
  63              		.cfi_def_cfa_offset 8
  64              		.cfi_offset 7, -8
  65              		.cfi_offset 14, -4
  66 0002 00AF     		add	r7, sp, #0
  67              	.LCFI1:
  68              		.cfi_def_cfa_register 7
  39:.\main.c      **** 
  40:.\main.c      ****     VDAC8_1_Data = dataArray[nextOut];
  69              		.loc 1 40 0
  70 0004 45F68333 		movw	r3, #23427
  71 0008 C4F20003 		movt	r3, 16384
  72 000c 40F20002 		movw	r2, #:lower16:dataArray
  73 0010 C0F20002 		movt	r2, #:upper16:dataArray
  74 0014 1168     		ldr	r1, [r2, #0]
ARM GAS  C:\Users\Jonas\AppData\Local\Temp\ccH6E3Kz.s 			page 3


  75 0016 40F20002 		movw	r2, #:lower16:nextOut
  76 001a C0F20002 		movt	r2, #:upper16:nextOut
  77 001e 1288     		ldrh	r2, [r2, #0]
  78 0020 8A18     		adds	r2, r1, r2
  79 0022 1278     		ldrb	r2, [r2, #0]	@ zero_extendqisi2
  80 0024 1A70     		strb	r2, [r3, #0]
  41:.\main.c      ****     
  42:.\main.c      ****     if(nextOut == 0) nextIn = SAMPLEDELAY-1;
  81              		.loc 1 42 0
  82 0026 40F20003 		movw	r3, #:lower16:nextOut
  83 002a C0F20003 		movt	r3, #:upper16:nextOut
  84 002e 1B88     		ldrh	r3, [r3, #0]
  85 0030 002B     		cmp	r3, #0
  86 0032 07D1     		bne	.L2
  87              		.loc 1 42 0 is_stmt 0 discriminator 1
  88 0034 40F20003 		movw	r3, #:lower16:nextIn
  89 0038 C0F20003 		movt	r3, #:upper16:nextIn
  90 003c 4FF00202 		mov	r2, #2
  91 0040 1A80     		strh	r2, [r3, #0]	@ movhi
  92 0042 0CE0     		b	.L3
  93              	.L2:
  43:.\main.c      ****     else nextIn = nextOut-1; 
  94              		.loc 1 43 0 is_stmt 1
  95 0044 40F20003 		movw	r3, #:lower16:nextOut
  96 0048 C0F20003 		movt	r3, #:upper16:nextOut
  97 004c 1B88     		ldrh	r3, [r3, #0]
  98 004e 03F1FF33 		add	r3, r3, #-1
  99 0052 9AB2     		uxth	r2, r3
 100 0054 40F20003 		movw	r3, #:lower16:nextIn
 101 0058 C0F20003 		movt	r3, #:upper16:nextIn
 102 005c 1A80     		strh	r2, [r3, #0]	@ movhi
 103              	.L3:
  44:.\main.c      ****     
  45:.\main.c      ****     dataArray[nextIn] = Filter_HOLDAH_REG + 128; 
 104              		.loc 1 45 0
 105 005e 40F20003 		movw	r3, #:lower16:dataArray
 106 0062 C0F20003 		movt	r3, #:upper16:dataArray
 107 0066 1A68     		ldr	r2, [r3, #0]
 108 0068 40F20003 		movw	r3, #:lower16:nextIn
 109 006c C0F20003 		movt	r3, #:upper16:nextIn
 110 0070 1B88     		ldrh	r3, [r3, #0]
 111 0072 D218     		adds	r2, r2, r3
 112 0074 4CF2AA73 		movw	r3, #51114
 113 0078 C4F20003 		movt	r3, 16384
 114 007c 1B78     		ldrb	r3, [r3, #0]
 115 007e DBB2     		uxtb	r3, r3
 116 0080 A3F18003 		sub	r3, r3, #128
 117 0084 DBB2     		uxtb	r3, r3
 118 0086 1370     		strb	r3, [r2, #0]
  46:.\main.c      ****     
  47:.\main.c      ****     nextOut++; 
 119              		.loc 1 47 0
 120 0088 40F20003 		movw	r3, #:lower16:nextOut
 121 008c C0F20003 		movt	r3, #:upper16:nextOut
 122 0090 1B88     		ldrh	r3, [r3, #0]
 123 0092 03F10103 		add	r3, r3, #1
 124 0096 9AB2     		uxth	r2, r3
ARM GAS  C:\Users\Jonas\AppData\Local\Temp\ccH6E3Kz.s 			page 4


 125 0098 40F20003 		movw	r3, #:lower16:nextOut
 126 009c C0F20003 		movt	r3, #:upper16:nextOut
 127 00a0 1A80     		strh	r2, [r3, #0]	@ movhi
  48:.\main.c      ****     if(nextOut >= SAMPLEDELAY){
 128              		.loc 1 48 0
 129 00a2 40F20003 		movw	r3, #:lower16:nextOut
 130 00a6 C0F20003 		movt	r3, #:upper16:nextOut
 131 00aa 1B88     		ldrh	r3, [r3, #0]
 132 00ac 1846     		mov	r0, r3
 133 00ae FFF7FEFF 		bl	__aeabi_i2d
 134 00b2 0246     		mov	r2, r0
 135 00b4 0B46     		mov	r3, r1
 136 00b6 1046     		mov	r0, r2
 137 00b8 1946     		mov	r1, r3
 138 00ba 4FF00002 		mov	r2, #0
 139 00be 4FF00003 		mov	r3, #0
 140 00c2 C4F20803 		movt	r3, 16392
 141 00c6 FFF7FEFF 		bl	__aeabi_dcmpge
 142 00ca 0346     		mov	r3, r0
 143 00cc 002B     		cmp	r3, #0
 144 00ce 06D0     		beq	.L4
 145              	.L6:
  49:.\main.c      ****         nextOut = 0;    
 146              		.loc 1 49 0
 147 00d0 40F20003 		movw	r3, #:lower16:nextOut
 148 00d4 C0F20003 		movt	r3, #:upper16:nextOut
 149 00d8 4FF00002 		mov	r2, #0
 150 00dc 1A80     		strh	r2, [r3, #0]	@ movhi
 151              	.L4:
  50:.\main.c      ****     }
  51:.\main.c      ****    
  52:.\main.c      ****     
  53:.\main.c      ****     Diode_1_Write(i); 
 152              		.loc 1 53 0
 153 00de 40F20003 		movw	r3, #:lower16:i
 154 00e2 C0F20003 		movt	r3, #:upper16:i
 155 00e6 1B78     		ldrb	r3, [r3, #0]	@ zero_extendqisi2
 156 00e8 1846     		mov	r0, r3
 157 00ea FFF7FEFF 		bl	Diode_1_Write
  54:.\main.c      ****     i = ~i; 
 158              		.loc 1 54 0
 159 00ee 40F20003 		movw	r3, #:lower16:i
 160 00f2 C0F20003 		movt	r3, #:upper16:i
 161 00f6 1B78     		ldrb	r3, [r3, #0]	@ zero_extendqisi2
 162 00f8 6FEA0303 		mvn	r3, r3
 163 00fc DAB2     		uxtb	r2, r3
 164 00fe 40F20003 		movw	r3, #:lower16:i
 165 0102 C0F20003 		movt	r3, #:upper16:i
 166 0106 1A70     		strb	r2, [r3, #0]
  55:.\main.c      **** }
 167              		.loc 1 55 0
 168 0108 80BD     		pop	{r7, pc}
 169              		.cfi_endproc
 170              	.LFE56:
 171              		.size	filterVDAC, .-filterVDAC
 172 010a 00BF     		.section	.text.main,"ax",%progbits
 173              		.align	2
ARM GAS  C:\Users\Jonas\AppData\Local\Temp\ccH6E3Kz.s 			page 5


 174              		.global	main
 175              		.thumb
 176              		.thumb_func
 177              		.type	main, %function
 178              	main:
 179              	.LFB57:
  56:.\main.c      **** 
  57:.\main.c      **** 
  58:.\main.c      **** void main()
  59:.\main.c      **** {
 180              		.loc 1 59 0
 181              		.cfi_startproc
 182              		@ args = 0, pretend = 0, frame = 0
 183              		@ frame_needed = 1, uses_anonymous_args = 0
 184 0000 80B5     		push	{r7, lr}
 185              	.LCFI2:
 186              		.cfi_def_cfa_offset 8
 187              		.cfi_offset 7, -8
 188              		.cfi_offset 14, -4
 189 0002 00AF     		add	r7, sp, #0
 190              	.LCFI3:
 191              		.cfi_def_cfa_register 7
  60:.\main.c      ****     dataArray = buffer;
 192              		.loc 1 60 0
 193 0004 40F20003 		movw	r3, #:lower16:dataArray
 194 0008 C0F20003 		movt	r3, #:upper16:dataArray
 195 000c 40F20002 		movw	r2, #:lower16:buffer
 196 0010 C0F20002 		movt	r2, #:upper16:buffer
 197 0014 1A60     		str	r2, [r3, #0]
  61:.\main.c      ****     
  62:.\main.c      ****     
  63:.\main.c      ****     /* Place your initialization/startup code here (e.g. MyInst_Start()) */
  64:.\main.c      **** 	Opamp_1_Start();
 198              		.loc 1 64 0
 199 0016 FFF7FEFF 		bl	Opamp_1_Start
  65:.\main.c      **** 	Opamp_3_Start();
 200              		.loc 1 65 0
 201 001a FFF7FEFF 		bl	Opamp_3_Start
  66:.\main.c      ****     Clock_1_Start(); 
 202              		.loc 1 66 0
 203 001e FFF7FEFF 		bl	Clock_1_Start
  67:.\main.c      **** 	ADC_DelSig_1_Start();
 204              		.loc 1 67 0
 205 0022 FFF7FEFF 		bl	ADC_DelSig_1_Start
  68:.\main.c      **** 	ADC_DelSig_1_StartConvert();
 206              		.loc 1 68 0
 207 0026 FFF7FEFF 		bl	ADC_DelSig_1_StartConvert
  69:.\main.c      **** 	VDAC8_1_Start();
 208              		.loc 1 69 0
 209 002a FFF7FEFF 		bl	VDAC8_1_Start
  70:.\main.c      **** 	VDAC8_2_Start();
 210              		.loc 1 70 0
 211 002e FFF7FEFF 		bl	VDAC8_2_Start
  71:.\main.c      **** 	Filter_Start();
 212              		.loc 1 71 0
 213 0032 FFF7FEFF 		bl	Filter_Start
  72:.\main.c      ****     
ARM GAS  C:\Users\Jonas\AppData\Local\Temp\ccH6E3Kz.s 			page 6


  73:.\main.c      ****     setupDMA();
 214              		.loc 1 73 0
 215 0036 FFF7FEFF 		bl	setupDMA
  74:.\main.c      ****     
  75:.\main.c      ****     CyGlobalIntEnable;  /* Uncomment this line to enable global interrupts. */
 216              		.loc 1 75 0
 217              	@ 75 ".\main.c" 1
 218 003a 62B6     		CPSIE   i
 219              	@ 0 "" 2
  76:.\main.c      ****     
  77:.\main.c      ****     isr_StartEx(filterVDAC);
 220              		.loc 1 77 0
 221              		.thumb
 222 003c 40F20000 		movw	r0, #:lower16:filterVDAC
 223 0040 C0F20000 		movt	r0, #:upper16:filterVDAC
 224 0044 FFF7FEFF 		bl	isr_StartEx
 225              	.L8:
  78:.\main.c      ****     for(;;)
  79:.\main.c      ****     {
  80:.\main.c      **** 		/* Place your application code here. */
  81:.\main.c      **** 		
  82:.\main.c      ****     }
 226              		.loc 1 82 0 discriminator 1
 227 0048 FEE7     		b	.L8
 228              		.cfi_endproc
 229              	.LFE57:
 230              		.size	main, .-main
 231 004a 00BF     		.section	.text.setupDMA,"ax",%progbits
 232              		.align	2
 233              		.global	setupDMA
 234              		.thumb
 235              		.thumb_func
 236              		.type	setupDMA, %function
 237              	setupDMA:
 238              	.LFB58:
  83:.\main.c      **** }
  84:.\main.c      **** 
  85:.\main.c      **** 
  86:.\main.c      **** void setupDMA(){
 239              		.loc 1 86 0
 240              		.cfi_startproc
 241              		@ args = 0, pretend = 0, frame = 8
 242              		@ frame_needed = 1, uses_anonymous_args = 0
 243 0000 80B5     		push	{r7, lr}
 244              	.LCFI4:
 245              		.cfi_def_cfa_offset 8
 246              		.cfi_offset 7, -8
 247              		.cfi_offset 14, -4
 248 0002 82B0     		sub	sp, sp, #8
 249              	.LCFI5:
 250              		.cfi_def_cfa_offset 16
 251 0004 00AF     		add	r7, sp, #0
 252              	.LCFI6:
 253              		.cfi_def_cfa_register 7
  87:.\main.c      **** uint8 DMA_1_Chan;
  88:.\main.c      **** uint8 DMA_1_TD[1];
  89:.\main.c      **** 
ARM GAS  C:\Users\Jonas\AppData\Local\Temp\ccH6E3Kz.s 			page 7


  90:.\main.c      **** DMA_1_Chan = DMA_1_DmaInitialize(DMA_1_BYTES_PER_BURST, DMA_1_REQUEST_PER_BURST, 
 254              		.loc 1 90 0
 255 0006 4FF00100 		mov	r0, #1
 256 000a 4FF00101 		mov	r1, #1
 257 000e 4FF48042 		mov	r2, #16384
 258 0012 4FF48043 		mov	r3, #16384
 259 0016 FFF7FEFF 		bl	DMA_1_DmaInitialize
 260 001a 0346     		mov	r3, r0
 261 001c FB71     		strb	r3, [r7, #7]
  91:.\main.c      ****     HI16(DMA_1_SRC_BASE), HI16(DMA_1_DST_BASE));
  92:.\main.c      **** 
  93:.\main.c      **** DMA_1_TD[0] = CyDmaTdAllocate();
 262              		.loc 1 93 0
 263 001e FFF7FEFF 		bl	CyDmaTdAllocate
 264 0022 0346     		mov	r3, r0
 265 0024 3B71     		strb	r3, [r7, #4]
  94:.\main.c      **** 
  95:.\main.c      **** CyDmaTdSetConfiguration(DMA_1_TD[0], 1, DMA_INVALID_TD, 0);
 266              		.loc 1 95 0
 267 0026 3B79     		ldrb	r3, [r7, #4]	@ zero_extendqisi2
 268 0028 1846     		mov	r0, r3
 269 002a 4FF00101 		mov	r1, #1
 270 002e 4FF0FF02 		mov	r2, #255
 271 0032 4FF00003 		mov	r3, #0
 272 0036 FFF7FEFF 		bl	CyDmaTdSetConfiguration
  96:.\main.c      **** 
  97:.\main.c      **** CyDmaTdSetAddress(DMA_1_TD[0], LO16((uint32)ADC_DelSig_1_DEC_SAMP_PTR), LO16((uint32)Filter_STAGEAH
 273              		.loc 1 97 0
 274 003a 3B79     		ldrb	r3, [r7, #4]	@ zero_extendqisi2
 275 003c 1846     		mov	r0, r3
 276 003e 44F61061 		movw	r1, #19984
 277 0042 4CF2A272 		movw	r2, #51106
 278 0046 FFF7FEFF 		bl	CyDmaTdSetAddress
  98:.\main.c      **** 
  99:.\main.c      **** CyDmaChSetInitialTd(DMA_1_Chan, DMA_1_TD[0]);
 279              		.loc 1 99 0
 280 004a 3B79     		ldrb	r3, [r7, #4]	@ zero_extendqisi2
 281 004c FA79     		ldrb	r2, [r7, #7]	@ zero_extendqisi2
 282 004e 1046     		mov	r0, r2
 283 0050 1946     		mov	r1, r3
 284 0052 FFF7FEFF 		bl	CyDmaChSetInitialTd
 100:.\main.c      **** 
 101:.\main.c      **** CyDmaChEnable(DMA_1_Chan, 1);
 285              		.loc 1 101 0
 286 0056 FB79     		ldrb	r3, [r7, #7]	@ zero_extendqisi2
 287 0058 1846     		mov	r0, r3
 288 005a 4FF00101 		mov	r1, #1
 289 005e FFF7FEFF 		bl	CyDmaChEnable
 102:.\main.c      **** 
 103:.\main.c      **** }
 290              		.loc 1 103 0
 291 0062 07F10807 		add	r7, r7, #8
 292 0066 BD46     		mov	sp, r7
 293 0068 80BD     		pop	{r7, pc}
 294              		.cfi_endproc
 295              	.LFE58:
 296              		.size	setupDMA, .-setupDMA
ARM GAS  C:\Users\Jonas\AppData\Local\Temp\ccH6E3Kz.s 			page 8


 297 006a 00BF     		.text
 298              	.Letext0:
 299              		.file 2 "c:\\program files (x86)\\cypress\\psoc creator\\3.0\\psoc creator\\import\\gnu_cs\\arm\\4
 300              		.file 3 "./Generated_Source/PSoC5/cytypes.h"
 301              		.file 4 "./Generated_Source/PSoC5/core_cm3.h"
 302              		.section	.debug_info,"",%progbits
 303              	.Ldebug_info0:
 304 0000 C8010000 		.4byte	0x1c8
 305 0004 0200     		.2byte	0x2
 306 0006 00000000 		.4byte	.Ldebug_abbrev0
 307 000a 04       		.byte	0x4
 308 000b 01       		.uleb128 0x1
 309 000c 62010000 		.4byte	.LASF26
 310 0010 01       		.byte	0x1
 311 0011 24000000 		.4byte	.LASF27
 312 0015 9B000000 		.4byte	.LASF28
 313 0019 00000000 		.4byte	.Ldebug_ranges0+0
 314 001d 00000000 		.4byte	0
 315 0021 00000000 		.4byte	0
 316 0025 00000000 		.4byte	.Ldebug_line0
 317 0029 02       		.uleb128 0x2
 318 002a 01       		.byte	0x1
 319 002b 06       		.byte	0x6
 320 002c B4010000 		.4byte	.LASF0
 321 0030 02       		.uleb128 0x2
 322 0031 01       		.byte	0x1
 323 0032 08       		.byte	0x8
 324 0033 81000000 		.4byte	.LASF1
 325 0037 02       		.uleb128 0x2
 326 0038 02       		.byte	0x2
 327 0039 05       		.byte	0x5
 328 003a 4B010000 		.4byte	.LASF2
 329 003e 02       		.uleb128 0x2
 330 003f 02       		.byte	0x2
 331 0040 07       		.byte	0x7
 332 0041 4F000000 		.4byte	.LASF3
 333 0045 03       		.uleb128 0x3
 334 0046 24010000 		.4byte	.LASF9
 335 004a 02       		.byte	0x2
 336 004b 4F       		.byte	0x4f
 337 004c 50000000 		.4byte	0x50
 338 0050 02       		.uleb128 0x2
 339 0051 04       		.byte	0x4
 340 0052 05       		.byte	0x5
 341 0053 AB010000 		.4byte	.LASF4
 342 0057 02       		.uleb128 0x2
 343 0058 04       		.byte	0x4
 344 0059 07       		.byte	0x7
 345 005a 3D000000 		.4byte	.LASF5
 346 005e 02       		.uleb128 0x2
 347 005f 08       		.byte	0x8
 348 0060 05       		.byte	0x5
 349 0061 00000000 		.4byte	.LASF6
 350 0065 02       		.uleb128 0x2
 351 0066 08       		.byte	0x8
 352 0067 07       		.byte	0x7
 353 0068 05010000 		.4byte	.LASF7
ARM GAS  C:\Users\Jonas\AppData\Local\Temp\ccH6E3Kz.s 			page 9


 354 006c 04       		.uleb128 0x4
 355 006d 04       		.byte	0x4
 356 006e 05       		.byte	0x5
 357 006f 696E7400 		.ascii	"int\000"
 358 0073 02       		.uleb128 0x2
 359 0074 04       		.byte	0x4
 360 0075 07       		.byte	0x7
 361 0076 F8000000 		.4byte	.LASF8
 362 007a 03       		.uleb128 0x3
 363 007b 5C010000 		.4byte	.LASF10
 364 007f 03       		.byte	0x3
 365 0080 5B       		.byte	0x5b
 366 0081 30000000 		.4byte	0x30
 367 0085 03       		.uleb128 0x3
 368 0086 EA000000 		.4byte	.LASF11
 369 008a 03       		.byte	0x3
 370 008b 5C       		.byte	0x5c
 371 008c 3E000000 		.4byte	0x3e
 372 0090 03       		.uleb128 0x3
 373 0091 F1000000 		.4byte	.LASF12
 374 0095 03       		.byte	0x3
 375 0096 5D       		.byte	0x5d
 376 0097 57000000 		.4byte	0x57
 377 009b 02       		.uleb128 0x2
 378 009c 04       		.byte	0x4
 379 009d 04       		.byte	0x4
 380 009e 2D000000 		.4byte	.LASF13
 381 00a2 02       		.uleb128 0x2
 382 00a3 08       		.byte	0x8
 383 00a4 04       		.byte	0x4
 384 00a5 8F000000 		.4byte	.LASF14
 385 00a9 02       		.uleb128 0x2
 386 00aa 01       		.byte	0x1
 387 00ab 08       		.byte	0x8
 388 00ac 46010000 		.4byte	.LASF15
 389 00b0 03       		.uleb128 0x3
 390 00b1 38000000 		.4byte	.LASF16
 391 00b5 03       		.byte	0x3
 392 00b6 F0       		.byte	0xf0
 393 00b7 BB000000 		.4byte	0xbb
 394 00bb 05       		.uleb128 0x5
 395 00bc 7A000000 		.4byte	0x7a
 396 00c0 02       		.uleb128 0x2
 397 00c1 04       		.byte	0x4
 398 00c2 07       		.byte	0x7
 399 00c3 2C010000 		.4byte	.LASF17
 400 00c7 06       		.uleb128 0x6
 401 00c8 01       		.byte	0x1
 402 00c9 19000000 		.4byte	.LASF29
 403 00cd 01       		.byte	0x1
 404 00ce 25       		.byte	0x25
 405 00cf 01       		.byte	0x1
 406 00d0 00000000 		.4byte	.LFB56
 407 00d4 0A010000 		.4byte	.LFE56
 408 00d8 00000000 		.4byte	.LLST0
 409 00dc 01       		.byte	0x1
 410 00dd 07       		.uleb128 0x7
ARM GAS  C:\Users\Jonas\AppData\Local\Temp\ccH6E3Kz.s 			page 10


 411 00de 01       		.byte	0x1
 412 00df 96000000 		.4byte	.LASF30
 413 00e3 01       		.byte	0x1
 414 00e4 3A       		.byte	0x3a
 415 00e5 00000000 		.4byte	.LFB57
 416 00e9 4A000000 		.4byte	.LFE57
 417 00ed 2C000000 		.4byte	.LLST1
 418 00f1 01       		.byte	0x1
 419 00f2 08       		.uleb128 0x8
 420 00f3 01       		.byte	0x1
 421 00f4 62000000 		.4byte	.LASF31
 422 00f8 01       		.byte	0x1
 423 00f9 56       		.byte	0x56
 424 00fa 00000000 		.4byte	.LFB58
 425 00fe 6A000000 		.4byte	.LFE58
 426 0102 58000000 		.4byte	.LLST2
 427 0106 01       		.byte	0x1
 428 0107 28010000 		.4byte	0x128
 429 010b 09       		.uleb128 0x9
 430 010c 0E000000 		.4byte	.LASF18
 431 0110 01       		.byte	0x1
 432 0111 57       		.byte	0x57
 433 0112 7A000000 		.4byte	0x7a
 434 0116 02       		.byte	0x2
 435 0117 91       		.byte	0x91
 436 0118 77       		.sleb128 -9
 437 0119 09       		.uleb128 0x9
 438 011a 6B000000 		.4byte	.LASF19
 439 011e 01       		.byte	0x1
 440 011f 58       		.byte	0x58
 441 0120 28010000 		.4byte	0x128
 442 0124 02       		.byte	0x2
 443 0125 91       		.byte	0x91
 444 0126 74       		.sleb128 -12
 445 0127 00       		.byte	0
 446 0128 0A       		.uleb128 0xa
 447 0129 7A000000 		.4byte	0x7a
 448 012d 38010000 		.4byte	0x138
 449 0131 0B       		.uleb128 0xb
 450 0132 C0000000 		.4byte	0xc0
 451 0136 00       		.byte	0
 452 0137 00       		.byte	0
 453 0138 0C       		.uleb128 0xc
 454 0139 74000000 		.4byte	.LASF20
 455 013d 04       		.byte	0x4
 456 013e 1606     		.2byte	0x616
 457 0140 46010000 		.4byte	0x146
 458 0144 01       		.byte	0x1
 459 0145 01       		.byte	0x1
 460 0146 05       		.uleb128 0x5
 461 0147 45000000 		.4byte	0x45
 462 014b 0D       		.uleb128 0xd
 463 014c 6900     		.ascii	"i\000"
 464 014e 01       		.byte	0x1
 465 014f 18       		.byte	0x18
 466 0150 7A000000 		.4byte	0x7a
 467 0154 01       		.byte	0x1
ARM GAS  C:\Users\Jonas\AppData\Local\Temp\ccH6E3Kz.s 			page 11


 468 0155 05       		.byte	0x5
 469 0156 03       		.byte	0x3
 470 0157 00000000 		.4byte	i
 471 015b 0E       		.uleb128 0xe
 472 015c 35010000 		.4byte	.LASF21
 473 0160 01       		.byte	0x1
 474 0161 19       		.byte	0x19
 475 0162 6D010000 		.4byte	0x16d
 476 0166 01       		.byte	0x1
 477 0167 05       		.byte	0x5
 478 0168 03       		.byte	0x3
 479 0169 00000000 		.4byte	dataArray
 480 016d 0F       		.uleb128 0xf
 481 016e 04       		.byte	0x4
 482 016f 7A000000 		.4byte	0x7a
 483 0173 0E       		.uleb128 0xe
 484 0174 3F010000 		.4byte	.LASF22
 485 0178 01       		.byte	0x1
 486 0179 1A       		.byte	0x1a
 487 017a 85000000 		.4byte	0x85
 488 017e 01       		.byte	0x1
 489 017f 05       		.byte	0x5
 490 0180 03       		.byte	0x3
 491 0181 00000000 		.4byte	nextIn
 492 0185 0E       		.uleb128 0xe
 493 0186 1C010000 		.4byte	.LASF23
 494 018a 01       		.byte	0x1
 495 018b 1B       		.byte	0x1b
 496 018c 85000000 		.4byte	0x85
 497 0190 01       		.byte	0x1
 498 0191 05       		.byte	0x5
 499 0192 03       		.byte	0x3
 500 0193 00000000 		.4byte	nextOut
 501 0197 0E       		.uleb128 0xe
 502 0198 33000000 		.4byte	.LASF24
 503 019c 01       		.byte	0x1
 504 019d 1C       		.byte	0x1c
 505 019e 85000000 		.4byte	0x85
 506 01a2 01       		.byte	0x1
 507 01a3 05       		.byte	0x5
 508 01a4 03       		.byte	0x3
 509 01a5 00000000 		.4byte	size
 510 01a9 0A       		.uleb128 0xa
 511 01aa 7A000000 		.4byte	0x7a
 512 01ae B9010000 		.4byte	0x1b9
 513 01b2 0B       		.uleb128 0xb
 514 01b3 C0000000 		.4byte	0xc0
 515 01b7 02       		.byte	0x2
 516 01b8 00       		.byte	0
 517 01b9 0E       		.uleb128 0xe
 518 01ba 55010000 		.4byte	.LASF25
 519 01be 01       		.byte	0x1
 520 01bf 20       		.byte	0x20
 521 01c0 A9010000 		.4byte	0x1a9
 522 01c4 01       		.byte	0x1
 523 01c5 05       		.byte	0x5
 524 01c6 03       		.byte	0x3
ARM GAS  C:\Users\Jonas\AppData\Local\Temp\ccH6E3Kz.s 			page 12


 525 01c7 00000000 		.4byte	buffer
 526 01cb 00       		.byte	0
 527              		.section	.debug_abbrev,"",%progbits
 528              	.Ldebug_abbrev0:
 529 0000 01       		.uleb128 0x1
 530 0001 11       		.uleb128 0x11
 531 0002 01       		.byte	0x1
 532 0003 25       		.uleb128 0x25
 533 0004 0E       		.uleb128 0xe
 534 0005 13       		.uleb128 0x13
 535 0006 0B       		.uleb128 0xb
 536 0007 03       		.uleb128 0x3
 537 0008 0E       		.uleb128 0xe
 538 0009 1B       		.uleb128 0x1b
 539 000a 0E       		.uleb128 0xe
 540 000b 55       		.uleb128 0x55
 541 000c 06       		.uleb128 0x6
 542 000d 11       		.uleb128 0x11
 543 000e 01       		.uleb128 0x1
 544 000f 52       		.uleb128 0x52
 545 0010 01       		.uleb128 0x1
 546 0011 10       		.uleb128 0x10
 547 0012 06       		.uleb128 0x6
 548 0013 00       		.byte	0
 549 0014 00       		.byte	0
 550 0015 02       		.uleb128 0x2
 551 0016 24       		.uleb128 0x24
 552 0017 00       		.byte	0
 553 0018 0B       		.uleb128 0xb
 554 0019 0B       		.uleb128 0xb
 555 001a 3E       		.uleb128 0x3e
 556 001b 0B       		.uleb128 0xb
 557 001c 03       		.uleb128 0x3
 558 001d 0E       		.uleb128 0xe
 559 001e 00       		.byte	0
 560 001f 00       		.byte	0
 561 0020 03       		.uleb128 0x3
 562 0021 16       		.uleb128 0x16
 563 0022 00       		.byte	0
 564 0023 03       		.uleb128 0x3
 565 0024 0E       		.uleb128 0xe
 566 0025 3A       		.uleb128 0x3a
 567 0026 0B       		.uleb128 0xb
 568 0027 3B       		.uleb128 0x3b
 569 0028 0B       		.uleb128 0xb
 570 0029 49       		.uleb128 0x49
 571 002a 13       		.uleb128 0x13
 572 002b 00       		.byte	0
 573 002c 00       		.byte	0
 574 002d 04       		.uleb128 0x4
 575 002e 24       		.uleb128 0x24
 576 002f 00       		.byte	0
 577 0030 0B       		.uleb128 0xb
 578 0031 0B       		.uleb128 0xb
 579 0032 3E       		.uleb128 0x3e
 580 0033 0B       		.uleb128 0xb
 581 0034 03       		.uleb128 0x3
ARM GAS  C:\Users\Jonas\AppData\Local\Temp\ccH6E3Kz.s 			page 13


 582 0035 08       		.uleb128 0x8
 583 0036 00       		.byte	0
 584 0037 00       		.byte	0
 585 0038 05       		.uleb128 0x5
 586 0039 35       		.uleb128 0x35
 587 003a 00       		.byte	0
 588 003b 49       		.uleb128 0x49
 589 003c 13       		.uleb128 0x13
 590 003d 00       		.byte	0
 591 003e 00       		.byte	0
 592 003f 06       		.uleb128 0x6
 593 0040 2E       		.uleb128 0x2e
 594 0041 00       		.byte	0
 595 0042 3F       		.uleb128 0x3f
 596 0043 0C       		.uleb128 0xc
 597 0044 03       		.uleb128 0x3
 598 0045 0E       		.uleb128 0xe
 599 0046 3A       		.uleb128 0x3a
 600 0047 0B       		.uleb128 0xb
 601 0048 3B       		.uleb128 0x3b
 602 0049 0B       		.uleb128 0xb
 603 004a 27       		.uleb128 0x27
 604 004b 0C       		.uleb128 0xc
 605 004c 11       		.uleb128 0x11
 606 004d 01       		.uleb128 0x1
 607 004e 12       		.uleb128 0x12
 608 004f 01       		.uleb128 0x1
 609 0050 40       		.uleb128 0x40
 610 0051 06       		.uleb128 0x6
 611 0052 9642     		.uleb128 0x2116
 612 0054 0C       		.uleb128 0xc
 613 0055 00       		.byte	0
 614 0056 00       		.byte	0
 615 0057 07       		.uleb128 0x7
 616 0058 2E       		.uleb128 0x2e
 617 0059 00       		.byte	0
 618 005a 3F       		.uleb128 0x3f
 619 005b 0C       		.uleb128 0xc
 620 005c 03       		.uleb128 0x3
 621 005d 0E       		.uleb128 0xe
 622 005e 3A       		.uleb128 0x3a
 623 005f 0B       		.uleb128 0xb
 624 0060 3B       		.uleb128 0x3b
 625 0061 0B       		.uleb128 0xb
 626 0062 11       		.uleb128 0x11
 627 0063 01       		.uleb128 0x1
 628 0064 12       		.uleb128 0x12
 629 0065 01       		.uleb128 0x1
 630 0066 40       		.uleb128 0x40
 631 0067 06       		.uleb128 0x6
 632 0068 9642     		.uleb128 0x2116
 633 006a 0C       		.uleb128 0xc
 634 006b 00       		.byte	0
 635 006c 00       		.byte	0
 636 006d 08       		.uleb128 0x8
 637 006e 2E       		.uleb128 0x2e
 638 006f 01       		.byte	0x1
ARM GAS  C:\Users\Jonas\AppData\Local\Temp\ccH6E3Kz.s 			page 14


 639 0070 3F       		.uleb128 0x3f
 640 0071 0C       		.uleb128 0xc
 641 0072 03       		.uleb128 0x3
 642 0073 0E       		.uleb128 0xe
 643 0074 3A       		.uleb128 0x3a
 644 0075 0B       		.uleb128 0xb
 645 0076 3B       		.uleb128 0x3b
 646 0077 0B       		.uleb128 0xb
 647 0078 11       		.uleb128 0x11
 648 0079 01       		.uleb128 0x1
 649 007a 12       		.uleb128 0x12
 650 007b 01       		.uleb128 0x1
 651 007c 40       		.uleb128 0x40
 652 007d 06       		.uleb128 0x6
 653 007e 9642     		.uleb128 0x2116
 654 0080 0C       		.uleb128 0xc
 655 0081 01       		.uleb128 0x1
 656 0082 13       		.uleb128 0x13
 657 0083 00       		.byte	0
 658 0084 00       		.byte	0
 659 0085 09       		.uleb128 0x9
 660 0086 34       		.uleb128 0x34
 661 0087 00       		.byte	0
 662 0088 03       		.uleb128 0x3
 663 0089 0E       		.uleb128 0xe
 664 008a 3A       		.uleb128 0x3a
 665 008b 0B       		.uleb128 0xb
 666 008c 3B       		.uleb128 0x3b
 667 008d 0B       		.uleb128 0xb
 668 008e 49       		.uleb128 0x49
 669 008f 13       		.uleb128 0x13
 670 0090 02       		.uleb128 0x2
 671 0091 0A       		.uleb128 0xa
 672 0092 00       		.byte	0
 673 0093 00       		.byte	0
 674 0094 0A       		.uleb128 0xa
 675 0095 01       		.uleb128 0x1
 676 0096 01       		.byte	0x1
 677 0097 49       		.uleb128 0x49
 678 0098 13       		.uleb128 0x13
 679 0099 01       		.uleb128 0x1
 680 009a 13       		.uleb128 0x13
 681 009b 00       		.byte	0
 682 009c 00       		.byte	0
 683 009d 0B       		.uleb128 0xb
 684 009e 21       		.uleb128 0x21
 685 009f 00       		.byte	0
 686 00a0 49       		.uleb128 0x49
 687 00a1 13       		.uleb128 0x13
 688 00a2 2F       		.uleb128 0x2f
 689 00a3 0B       		.uleb128 0xb
 690 00a4 00       		.byte	0
 691 00a5 00       		.byte	0
 692 00a6 0C       		.uleb128 0xc
 693 00a7 34       		.uleb128 0x34
 694 00a8 00       		.byte	0
 695 00a9 03       		.uleb128 0x3
ARM GAS  C:\Users\Jonas\AppData\Local\Temp\ccH6E3Kz.s 			page 15


 696 00aa 0E       		.uleb128 0xe
 697 00ab 3A       		.uleb128 0x3a
 698 00ac 0B       		.uleb128 0xb
 699 00ad 3B       		.uleb128 0x3b
 700 00ae 05       		.uleb128 0x5
 701 00af 49       		.uleb128 0x49
 702 00b0 13       		.uleb128 0x13
 703 00b1 3F       		.uleb128 0x3f
 704 00b2 0C       		.uleb128 0xc
 705 00b3 3C       		.uleb128 0x3c
 706 00b4 0C       		.uleb128 0xc
 707 00b5 00       		.byte	0
 708 00b6 00       		.byte	0
 709 00b7 0D       		.uleb128 0xd
 710 00b8 34       		.uleb128 0x34
 711 00b9 00       		.byte	0
 712 00ba 03       		.uleb128 0x3
 713 00bb 08       		.uleb128 0x8
 714 00bc 3A       		.uleb128 0x3a
 715 00bd 0B       		.uleb128 0xb
 716 00be 3B       		.uleb128 0x3b
 717 00bf 0B       		.uleb128 0xb
 718 00c0 49       		.uleb128 0x49
 719 00c1 13       		.uleb128 0x13
 720 00c2 3F       		.uleb128 0x3f
 721 00c3 0C       		.uleb128 0xc
 722 00c4 02       		.uleb128 0x2
 723 00c5 0A       		.uleb128 0xa
 724 00c6 00       		.byte	0
 725 00c7 00       		.byte	0
 726 00c8 0E       		.uleb128 0xe
 727 00c9 34       		.uleb128 0x34
 728 00ca 00       		.byte	0
 729 00cb 03       		.uleb128 0x3
 730 00cc 0E       		.uleb128 0xe
 731 00cd 3A       		.uleb128 0x3a
 732 00ce 0B       		.uleb128 0xb
 733 00cf 3B       		.uleb128 0x3b
 734 00d0 0B       		.uleb128 0xb
 735 00d1 49       		.uleb128 0x49
 736 00d2 13       		.uleb128 0x13
 737 00d3 3F       		.uleb128 0x3f
 738 00d4 0C       		.uleb128 0xc
 739 00d5 02       		.uleb128 0x2
 740 00d6 0A       		.uleb128 0xa
 741 00d7 00       		.byte	0
 742 00d8 00       		.byte	0
 743 00d9 0F       		.uleb128 0xf
 744 00da 0F       		.uleb128 0xf
 745 00db 00       		.byte	0
 746 00dc 0B       		.uleb128 0xb
 747 00dd 0B       		.uleb128 0xb
 748 00de 49       		.uleb128 0x49
 749 00df 13       		.uleb128 0x13
 750 00e0 00       		.byte	0
 751 00e1 00       		.byte	0
 752 00e2 00       		.byte	0
ARM GAS  C:\Users\Jonas\AppData\Local\Temp\ccH6E3Kz.s 			page 16


 753              		.section	.debug_loc,"",%progbits
 754              	.Ldebug_loc0:
 755              	.LLST0:
 756 0000 00000000 		.4byte	.LFB56
 757 0004 02000000 		.4byte	.LCFI0
 758 0008 0200     		.2byte	0x2
 759 000a 7D       		.byte	0x7d
 760 000b 00       		.sleb128 0
 761 000c 02000000 		.4byte	.LCFI0
 762 0010 04000000 		.4byte	.LCFI1
 763 0014 0200     		.2byte	0x2
 764 0016 7D       		.byte	0x7d
 765 0017 08       		.sleb128 8
 766 0018 04000000 		.4byte	.LCFI1
 767 001c 0A010000 		.4byte	.LFE56
 768 0020 0200     		.2byte	0x2
 769 0022 77       		.byte	0x77
 770 0023 08       		.sleb128 8
 771 0024 00000000 		.4byte	0
 772 0028 00000000 		.4byte	0
 773              	.LLST1:
 774 002c 00000000 		.4byte	.LFB57
 775 0030 02000000 		.4byte	.LCFI2
 776 0034 0200     		.2byte	0x2
 777 0036 7D       		.byte	0x7d
 778 0037 00       		.sleb128 0
 779 0038 02000000 		.4byte	.LCFI2
 780 003c 04000000 		.4byte	.LCFI3
 781 0040 0200     		.2byte	0x2
 782 0042 7D       		.byte	0x7d
 783 0043 08       		.sleb128 8
 784 0044 04000000 		.4byte	.LCFI3
 785 0048 4A000000 		.4byte	.LFE57
 786 004c 0200     		.2byte	0x2
 787 004e 77       		.byte	0x77
 788 004f 08       		.sleb128 8
 789 0050 00000000 		.4byte	0
 790 0054 00000000 		.4byte	0
 791              	.LLST2:
 792 0058 00000000 		.4byte	.LFB58
 793 005c 02000000 		.4byte	.LCFI4
 794 0060 0200     		.2byte	0x2
 795 0062 7D       		.byte	0x7d
 796 0063 00       		.sleb128 0
 797 0064 02000000 		.4byte	.LCFI4
 798 0068 04000000 		.4byte	.LCFI5
 799 006c 0200     		.2byte	0x2
 800 006e 7D       		.byte	0x7d
 801 006f 08       		.sleb128 8
 802 0070 04000000 		.4byte	.LCFI5
 803 0074 06000000 		.4byte	.LCFI6
 804 0078 0200     		.2byte	0x2
 805 007a 7D       		.byte	0x7d
 806 007b 10       		.sleb128 16
 807 007c 06000000 		.4byte	.LCFI6
 808 0080 6A000000 		.4byte	.LFE58
 809 0084 0200     		.2byte	0x2
ARM GAS  C:\Users\Jonas\AppData\Local\Temp\ccH6E3Kz.s 			page 17


 810 0086 77       		.byte	0x77
 811 0087 10       		.sleb128 16
 812 0088 00000000 		.4byte	0
 813 008c 00000000 		.4byte	0
 814              		.section	.debug_aranges,"",%progbits
 815 0000 2C000000 		.4byte	0x2c
 816 0004 0200     		.2byte	0x2
 817 0006 00000000 		.4byte	.Ldebug_info0
 818 000a 04       		.byte	0x4
 819 000b 00       		.byte	0
 820 000c 0000     		.2byte	0
 821 000e 0000     		.2byte	0
 822 0010 00000000 		.4byte	.LFB56
 823 0014 0A010000 		.4byte	.LFE56-.LFB56
 824 0018 00000000 		.4byte	.LFB57
 825 001c 4A000000 		.4byte	.LFE57-.LFB57
 826 0020 00000000 		.4byte	.LFB58
 827 0024 6A000000 		.4byte	.LFE58-.LFB58
 828 0028 00000000 		.4byte	0
 829 002c 00000000 		.4byte	0
 830              		.section	.debug_ranges,"",%progbits
 831              	.Ldebug_ranges0:
 832 0000 00000000 		.4byte	.LFB56
 833 0004 0A010000 		.4byte	.LFE56
 834 0008 00000000 		.4byte	.LFB57
 835 000c 4A000000 		.4byte	.LFE57
 836 0010 00000000 		.4byte	.LFB58
 837 0014 6A000000 		.4byte	.LFE58
 838 0018 00000000 		.4byte	0
 839 001c 00000000 		.4byte	0
 840              		.section	.debug_line,"",%progbits
 841              	.Ldebug_line0:
 842 0000 59010000 		.section	.debug_str,"MS",%progbits,1
 842      0200F900 
 842      00000201 
 842      FB0E0D00 
 842      01010101 
 843              	.LASF6:
 844 0000 6C6F6E67 		.ascii	"long long int\000"
 844      206C6F6E 
 844      6720696E 
 844      7400
 845              	.LASF18:
 846 000e 444D415F 		.ascii	"DMA_1_Chan\000"
 846      315F4368 
 846      616E00
 847              	.LASF29:
 848 0019 66696C74 		.ascii	"filterVDAC\000"
 848      65725644 
 848      414300
 849              	.LASF27:
 850 0024 2E5C6D61 		.ascii	".\\main.c\000"
 850      696E2E63 
 850      00
 851              	.LASF13:
 852 002d 666C6F61 		.ascii	"float\000"
 852      7400
ARM GAS  C:\Users\Jonas\AppData\Local\Temp\ccH6E3Kz.s 			page 18


 853              	.LASF24:
 854 0033 73697A65 		.ascii	"size\000"
 854      00
 855              	.LASF16:
 856 0038 72656738 		.ascii	"reg8\000"
 856      00
 857              	.LASF5:
 858 003d 6C6F6E67 		.ascii	"long unsigned int\000"
 858      20756E73 
 858      69676E65 
 858      6420696E 
 858      7400
 859              	.LASF3:
 860 004f 73686F72 		.ascii	"short unsigned int\000"
 860      7420756E 
 860      7369676E 
 860      65642069 
 860      6E7400
 861              	.LASF31:
 862 0062 73657475 		.ascii	"setupDMA\000"
 862      70444D41 
 862      00
 863              	.LASF19:
 864 006b 444D415F 		.ascii	"DMA_1_TD\000"
 864      315F5444 
 864      00
 865              	.LASF20:
 866 0074 49544D5F 		.ascii	"ITM_RxBuffer\000"
 866      52784275 
 866      66666572 
 866      00
 867              	.LASF1:
 868 0081 756E7369 		.ascii	"unsigned char\000"
 868      676E6564 
 868      20636861 
 868      7200
 869              	.LASF14:
 870 008f 646F7562 		.ascii	"double\000"
 870      6C6500
 871              	.LASF30:
 872 0096 6D61696E 		.ascii	"main\000"
 872      00
 873              	.LASF28:
 874 009b 433A5C55 		.ascii	"C:\\Users\\Jonas\\Dropbox\\IRT PSoC4 solutions\\E4I"
 874      73657273 
 874      5C4A6F6E 
 874      61735C44 
 874      726F7062 
 875 00c9 52545F45 		.ascii	"RT_EX5\\IRT_EX5_3\\IRT_EX5_2.cydsn\000"
 875      58355C49 
 875      52545F45 
 875      58355F33 
 875      5C495254 
 876              	.LASF11:
 877 00ea 75696E74 		.ascii	"uint16\000"
 877      313600
 878              	.LASF12:
ARM GAS  C:\Users\Jonas\AppData\Local\Temp\ccH6E3Kz.s 			page 19


 879 00f1 75696E74 		.ascii	"uint32\000"
 879      333200
 880              	.LASF8:
 881 00f8 756E7369 		.ascii	"unsigned int\000"
 881      676E6564 
 881      20696E74 
 881      00
 882              	.LASF7:
 883 0105 6C6F6E67 		.ascii	"long long unsigned int\000"
 883      206C6F6E 
 883      6720756E 
 883      7369676E 
 883      65642069 
 884              	.LASF23:
 885 011c 6E657874 		.ascii	"nextOut\000"
 885      4F757400 
 886              	.LASF9:
 887 0124 696E7433 		.ascii	"int32_t\000"
 887      325F7400 
 888              	.LASF17:
 889 012c 73697A65 		.ascii	"sizetype\000"
 889      74797065 
 889      00
 890              	.LASF21:
 891 0135 64617461 		.ascii	"dataArray\000"
 891      41727261 
 891      7900
 892              	.LASF22:
 893 013f 6E657874 		.ascii	"nextIn\000"
 893      496E00
 894              	.LASF15:
 895 0146 63686172 		.ascii	"char\000"
 895      00
 896              	.LASF2:
 897 014b 73686F72 		.ascii	"short int\000"
 897      7420696E 
 897      7400
 898              	.LASF25:
 899 0155 62756666 		.ascii	"buffer\000"
 899      657200
 900              	.LASF10:
 901 015c 75696E74 		.ascii	"uint8\000"
 901      3800
 902              	.LASF26:
 903 0162 474E5520 		.ascii	"GNU C 4.7.3 20130312 (release) [ARM/embedded-4_7-br"
 903      4320342E 
 903      372E3320 
 903      32303133 
 903      30333132 
 904 0195 616E6368 		.ascii	"anch revision 196615]\000"
 904      20726576 
 904      6973696F 
 904      6E203139 
 904      36363135 
 905              	.LASF4:
 906 01ab 6C6F6E67 		.ascii	"long int\000"
 906      20696E74 
ARM GAS  C:\Users\Jonas\AppData\Local\Temp\ccH6E3Kz.s 			page 20


 906      00
 907              	.LASF0:
 908 01b4 7369676E 		.ascii	"signed char\000"
 908      65642063 
 908      68617200 
 909              		.ident	"GCC: (GNU Tools for ARM Embedded Processors) 4.7.3 20130312 (release) [ARM/embedded-4_7-br
