ARM GAS  C:\Users\Jonas\AppData\Local\Temp\ccsreofP.s 			page 1


   1              		.syntax unified
   2              		.cpu cortex-m3
   3              		.fpu softvfp
   4              		.eabi_attribute 20, 1
   5              		.eabi_attribute 21, 1
   6              		.eabi_attribute 23, 3
   7              		.eabi_attribute 24, 1
   8              		.eabi_attribute 25, 1
   9              		.eabi_attribute 26, 1
  10              		.eabi_attribute 30, 6
  11              		.eabi_attribute 34, 1
  12              		.eabi_attribute 18, 4
  13              		.thumb
  14              		.file	"cymetadata.c"
  15              		.text
  16              	.Ltext0:
  17              		.cfi_sections	.debug_frame
  18              		.global	cy_meta_loadable
  19              		.section	.cyloadablemeta,"a",%progbits
  20              		.align	2
  21              		.type	cy_meta_loadable, %object
  22              		.size	cy_meta_loadable, 64
  23              	cy_meta_loadable:
  24 0000 00000000 		.space	64
  24      00000000 
  24      00000000 
  24      00000000 
  24      00000000 
  25              		.global	cy_meta_configecc
  26              		.section	.cyconfigecc,"a",%progbits
  27              		.align	2
  28              		.type	cy_meta_configecc, %object
  29              		.size	cy_meta_configecc, 168
  30              	cy_meta_configecc:
  31 0000 01       		.byte	1
  32 0001 09       		.byte	9
  33 0002 01       		.byte	1
  34 0003 40       		.byte	64
  35 0004 04       		.byte	4
  36 0005 0A       		.byte	10
  37 0006 01       		.byte	1
  38 0007 40       		.byte	64
  39 0008 01       		.byte	1
  40 0009 0B       		.byte	11
  41 000a 01       		.byte	1
  42 000b 40       		.byte	64
  43 000c 01       		.byte	1
  44 000d 15       		.byte	21
  45 000e 01       		.byte	1
  46 000f 40       		.byte	64
  47 0010 01       		.byte	1
  48 0011 1B       		.byte	27
  49 0012 01       		.byte	1
  50 0013 40       		.byte	64
  51 0014 02       		.byte	2
  52 0015 40       		.byte	64
  53 0016 01       		.byte	1
ARM GAS  C:\Users\Jonas\AppData\Local\Temp\ccsreofP.s 			page 2


  54 0017 40       		.byte	64
  55 0018 01       		.byte	1
  56 0019 41       		.byte	65
  57 001a 01       		.byte	1
  58 001b 40       		.byte	64
  59 001c 01       		.byte	1
  60 001d 42       		.byte	66
  61 001e 01       		.byte	1
  62 001f 40       		.byte	64
  63 0020 01       		.byte	1
  64 0021 43       		.byte	67
  65 0022 01       		.byte	1
  66 0023 40       		.byte	64
  67 0024 02       		.byte	2
  68 0025 44       		.byte	68
  69 0026 01       		.byte	1
  70 0027 40       		.byte	64
  71 0028 01       		.byte	1
  72 0029 45       		.byte	69
  73 002a 01       		.byte	1
  74 002b 40       		.byte	64
  75 002c 03       		.byte	3
  76 002d 46       		.byte	70
  77 002e 01       		.byte	1
  78 002f 40       		.byte	64
  79 0030 03       		.byte	3
  80 0031 47       		.byte	71
  81 0032 01       		.byte	1
  82 0033 40       		.byte	64
  83 0034 04       		.byte	4
  84 0035 48       		.byte	72
  85 0036 01       		.byte	1
  86 0037 40       		.byte	64
  87 0038 02       		.byte	2
  88 0039 49       		.byte	73
  89 003a 01       		.byte	1
  90 003b 40       		.byte	64
  91 003c 01       		.byte	1
  92 003d 4C       		.byte	76
  93 003e 01       		.byte	1
  94 003f 40       		.byte	64
  95 0040 02       		.byte	2
  96 0041 4D       		.byte	77
  97 0042 01       		.byte	1
  98 0043 40       		.byte	64
  99 0044 01       		.byte	1
 100 0045 51       		.byte	81
 101 0046 01       		.byte	1
 102 0047 40       		.byte	64
 103 0048 B5       		.byte	-75
 104 0049 02       		.byte	2
 105 004a B8       		.byte	-72
 106 004b 02       		.byte	2
 107 004c BE       		.byte	-66
 108 004d 01       		.byte	1
 109 004e D8       		.byte	-40
 110 004f 04       		.byte	4
ARM GAS  C:\Users\Jonas\AppData\Local\Temp\ccsreofP.s 			page 3


 111 0050 DF       		.byte	-33
 112 0051 01       		.byte	1
 113 0052 1D       		.byte	29
 114 0053 02       		.byte	2
 115 0054 EC       		.byte	-20
 116 0055 10       		.byte	16
 117 0056 EC       		.byte	-20
 118 0057 10       		.byte	16
 119 0058 32       		.byte	50
 120 0059 20       		.byte	32
 121 005a CC       		.byte	-52
 122 005b 10       		.byte	16
 123 005c A6       		.byte	-90
 124 005d 20       		.byte	32
 125 005e A6       		.byte	-90
 126 005f 20       		.byte	32
 127 0060 A6       		.byte	-90
 128 0061 20       		.byte	32
 129 0062 7C       		.byte	124
 130 0063 01       		.byte	1
 131 0064 DE       		.byte	-34
 132 0065 01       		.byte	1
 133 0066 94       		.byte	-108
 134 0067 01       		.byte	1
 135 0068 45       		.byte	69
 136 0069 08       		.byte	8
 137 006a 94       		.byte	-108
 138 006b 01       		.byte	1
 139 006c D0       		.byte	-48
 140 006d 01       		.byte	1
 141 006e A5       		.byte	-91
 142 006f 08       		.byte	8
 143 0070 B4       		.byte	-76
 144 0071 01       		.byte	1
 145 0072 EC       		.byte	-20
 146 0073 08       		.byte	8
 147 0074 22       		.byte	34
 148 0075 01       		.byte	1
 149 0076 25       		.byte	37
 150 0077 10       		.byte	16
 151 0078 A6       		.byte	-90
 152 0079 20       		.byte	32
 153 007a C8       		.byte	-56
 154 007b 60       		.byte	96
 155 007c AE       		.byte	-82
 156 007d 21       		.byte	33
 157 007e B5       		.byte	-75
 158 007f 10       		.byte	16
 159 0080 A5       		.byte	-91
 160 0081 08       		.byte	8
 161 0082 B5       		.byte	-75
 162 0083 08       		.byte	8
 163 0084 EC       		.byte	-20
 164 0085 08       		.byte	8
 165 0086 00       		.byte	0
 166 0087 03       		.byte	3
 167 0088 00       		.byte	0
ARM GAS  C:\Users\Jonas\AppData\Local\Temp\ccsreofP.s 			page 4


 168 0089 00       		.byte	0
 169 008a 00       		.byte	0
 170 008b 00       		.byte	0
 171 008c 00       		.byte	0
 172 008d 00       		.byte	0
 173 008e 03       		.byte	3
 174 008f 00       		.byte	0
 175 0090 00       		.byte	0
 176 0091 00       		.byte	0
 177 0092 00       		.byte	0
 178 0093 00       		.byte	0
 179 0094 00       		.byte	0
 180 0095 00       		.byte	0
 181 0096 04       		.byte	4
 182 0097 00       		.byte	0
 183 0098 20       		.byte	32
 184 0099 00       		.byte	0
 185 009a 00       		.byte	0
 186 009b 20       		.byte	32
 187 009c 20       		.byte	32
 188 009d 00       		.byte	0
 189 009e 00       		.byte	0
 190 009f 00       		.byte	0
 191 00a0 00       		.byte	0
 192 00a1 00       		.byte	0
 193 00a2 00       		.byte	0
 194 00a3 00       		.byte	0
 195 00a4 1D       		.byte	29
 196 00a5 00       		.byte	0
 197 00a6 18       		.byte	24
 198 00a7 01       		.byte	1
 199              		.text
 200              	.Letext0:
 201              		.file 1 ".\\Generated_Source\\PSoC5\\cymetadata.c"
 202              		.file 2 ".\\Generated_Source\\PSoC5\\cytypes.h"
 203              		.section	.debug_info,"",%progbits
 204              	.Ldebug_info0:
 205 0000 D5000000 		.4byte	0xd5
 206 0004 0200     		.2byte	0x2
 207 0006 00000000 		.4byte	.Ldebug_abbrev0
 208 000a 04       		.byte	0x4
 209 000b 01       		.uleb128 0x1
 210 000c 28010000 		.4byte	.LASF15
 211 0010 01       		.byte	0x1
 212 0011 00000000 		.4byte	.LASF16
 213 0015 26000000 		.4byte	.LASF17
 214 0019 00000000 		.4byte	.Ldebug_line0
 215 001d 02       		.uleb128 0x2
 216 001e 01       		.byte	0x1
 217 001f 06       		.byte	0x6
 218 0020 7A010000 		.4byte	.LASF0
 219 0024 02       		.uleb128 0x2
 220 0025 01       		.byte	0x1
 221 0026 08       		.byte	0x8
 222 0027 7B000000 		.4byte	.LASF1
 223 002b 02       		.uleb128 0x2
 224 002c 02       		.byte	0x2
ARM GAS  C:\Users\Jonas\AppData\Local\Temp\ccsreofP.s 			page 5


 225 002d 05       		.byte	0x5
 226 002e 18010000 		.4byte	.LASF2
 227 0032 02       		.uleb128 0x2
 228 0033 02       		.byte	0x2
 229 0034 07       		.byte	0x7
 230 0035 9B000000 		.4byte	.LASF3
 231 0039 02       		.uleb128 0x2
 232 003a 04       		.byte	0x4
 233 003b 05       		.byte	0x5
 234 003c 71010000 		.4byte	.LASF4
 235 0040 02       		.uleb128 0x2
 236 0041 04       		.byte	0x4
 237 0042 07       		.byte	0x7
 238 0043 89000000 		.4byte	.LASF5
 239 0047 02       		.uleb128 0x2
 240 0048 08       		.byte	0x8
 241 0049 05       		.byte	0x5
 242 004a 05010000 		.4byte	.LASF6
 243 004e 02       		.uleb128 0x2
 244 004f 08       		.byte	0x8
 245 0050 07       		.byte	0x7
 246 0051 D4000000 		.4byte	.LASF7
 247 0055 03       		.uleb128 0x3
 248 0056 04       		.byte	0x4
 249 0057 05       		.byte	0x5
 250 0058 696E7400 		.ascii	"int\000"
 251 005c 02       		.uleb128 0x2
 252 005d 04       		.byte	0x4
 253 005e 07       		.byte	0x7
 254 005f C7000000 		.4byte	.LASF8
 255 0063 04       		.uleb128 0x4
 256 0064 22010000 		.4byte	.LASF18
 257 0068 02       		.byte	0x2
 258 0069 5B       		.byte	0x5b
 259 006a 24000000 		.4byte	0x24
 260 006e 02       		.uleb128 0x2
 261 006f 04       		.byte	0x4
 262 0070 04       		.byte	0x4
 263 0071 75000000 		.4byte	.LASF9
 264 0075 02       		.uleb128 0x2
 265 0076 08       		.byte	0x8
 266 0077 04       		.byte	0x4
 267 0078 AE000000 		.4byte	.LASF10
 268 007c 02       		.uleb128 0x2
 269 007d 01       		.byte	0x1
 270 007e 08       		.byte	0x8
 271 007f 13010000 		.4byte	.LASF11
 272 0083 05       		.uleb128 0x5
 273 0084 63000000 		.4byte	0x63
 274 0088 93000000 		.4byte	0x93
 275 008c 06       		.uleb128 0x6
 276 008d 93000000 		.4byte	0x93
 277 0091 3F       		.byte	0x3f
 278 0092 00       		.byte	0
 279 0093 02       		.uleb128 0x2
 280 0094 04       		.byte	0x4
 281 0095 07       		.byte	0x7
ARM GAS  C:\Users\Jonas\AppData\Local\Temp\ccsreofP.s 			page 6


 282 0096 FC000000 		.4byte	.LASF12
 283 009a 07       		.uleb128 0x7
 284 009b EB000000 		.4byte	.LASF13
 285 009f 01       		.byte	0x1
 286 00a0 1C       		.byte	0x1c
 287 00a1 AC000000 		.4byte	0xac
 288 00a5 01       		.byte	0x1
 289 00a6 05       		.byte	0x5
 290 00a7 03       		.byte	0x3
 291 00a8 00000000 		.4byte	cy_meta_loadable
 292 00ac 08       		.uleb128 0x8
 293 00ad 83000000 		.4byte	0x83
 294 00b1 05       		.uleb128 0x5
 295 00b2 63000000 		.4byte	0x63
 296 00b6 C1000000 		.4byte	0xc1
 297 00ba 06       		.uleb128 0x6
 298 00bb 93000000 		.4byte	0x93
 299 00bf A7       		.byte	0xa7
 300 00c0 00       		.byte	0
 301 00c1 07       		.uleb128 0x7
 302 00c2 B5000000 		.4byte	.LASF14
 303 00c6 01       		.byte	0x1
 304 00c7 2E       		.byte	0x2e
 305 00c8 D3000000 		.4byte	0xd3
 306 00cc 01       		.byte	0x1
 307 00cd 05       		.byte	0x5
 308 00ce 03       		.byte	0x3
 309 00cf 00000000 		.4byte	cy_meta_configecc
 310 00d3 08       		.uleb128 0x8
 311 00d4 B1000000 		.4byte	0xb1
 312 00d8 00       		.byte	0
 313              		.section	.debug_abbrev,"",%progbits
 314              	.Ldebug_abbrev0:
 315 0000 01       		.uleb128 0x1
 316 0001 11       		.uleb128 0x11
 317 0002 01       		.byte	0x1
 318 0003 25       		.uleb128 0x25
 319 0004 0E       		.uleb128 0xe
 320 0005 13       		.uleb128 0x13
 321 0006 0B       		.uleb128 0xb
 322 0007 03       		.uleb128 0x3
 323 0008 0E       		.uleb128 0xe
 324 0009 1B       		.uleb128 0x1b
 325 000a 0E       		.uleb128 0xe
 326 000b 10       		.uleb128 0x10
 327 000c 06       		.uleb128 0x6
 328 000d 00       		.byte	0
 329 000e 00       		.byte	0
 330 000f 02       		.uleb128 0x2
 331 0010 24       		.uleb128 0x24
 332 0011 00       		.byte	0
 333 0012 0B       		.uleb128 0xb
 334 0013 0B       		.uleb128 0xb
 335 0014 3E       		.uleb128 0x3e
 336 0015 0B       		.uleb128 0xb
 337 0016 03       		.uleb128 0x3
 338 0017 0E       		.uleb128 0xe
ARM GAS  C:\Users\Jonas\AppData\Local\Temp\ccsreofP.s 			page 7


 339 0018 00       		.byte	0
 340 0019 00       		.byte	0
 341 001a 03       		.uleb128 0x3
 342 001b 24       		.uleb128 0x24
 343 001c 00       		.byte	0
 344 001d 0B       		.uleb128 0xb
 345 001e 0B       		.uleb128 0xb
 346 001f 3E       		.uleb128 0x3e
 347 0020 0B       		.uleb128 0xb
 348 0021 03       		.uleb128 0x3
 349 0022 08       		.uleb128 0x8
 350 0023 00       		.byte	0
 351 0024 00       		.byte	0
 352 0025 04       		.uleb128 0x4
 353 0026 16       		.uleb128 0x16
 354 0027 00       		.byte	0
 355 0028 03       		.uleb128 0x3
 356 0029 0E       		.uleb128 0xe
 357 002a 3A       		.uleb128 0x3a
 358 002b 0B       		.uleb128 0xb
 359 002c 3B       		.uleb128 0x3b
 360 002d 0B       		.uleb128 0xb
 361 002e 49       		.uleb128 0x49
 362 002f 13       		.uleb128 0x13
 363 0030 00       		.byte	0
 364 0031 00       		.byte	0
 365 0032 05       		.uleb128 0x5
 366 0033 01       		.uleb128 0x1
 367 0034 01       		.byte	0x1
 368 0035 49       		.uleb128 0x49
 369 0036 13       		.uleb128 0x13
 370 0037 01       		.uleb128 0x1
 371 0038 13       		.uleb128 0x13
 372 0039 00       		.byte	0
 373 003a 00       		.byte	0
 374 003b 06       		.uleb128 0x6
 375 003c 21       		.uleb128 0x21
 376 003d 00       		.byte	0
 377 003e 49       		.uleb128 0x49
 378 003f 13       		.uleb128 0x13
 379 0040 2F       		.uleb128 0x2f
 380 0041 0B       		.uleb128 0xb
 381 0042 00       		.byte	0
 382 0043 00       		.byte	0
 383 0044 07       		.uleb128 0x7
 384 0045 34       		.uleb128 0x34
 385 0046 00       		.byte	0
 386 0047 03       		.uleb128 0x3
 387 0048 0E       		.uleb128 0xe
 388 0049 3A       		.uleb128 0x3a
 389 004a 0B       		.uleb128 0xb
 390 004b 3B       		.uleb128 0x3b
 391 004c 0B       		.uleb128 0xb
 392 004d 49       		.uleb128 0x49
 393 004e 13       		.uleb128 0x13
 394 004f 3F       		.uleb128 0x3f
 395 0050 0C       		.uleb128 0xc
ARM GAS  C:\Users\Jonas\AppData\Local\Temp\ccsreofP.s 			page 8


 396 0051 02       		.uleb128 0x2
 397 0052 0A       		.uleb128 0xa
 398 0053 00       		.byte	0
 399 0054 00       		.byte	0
 400 0055 08       		.uleb128 0x8
 401 0056 26       		.uleb128 0x26
 402 0057 00       		.byte	0
 403 0058 49       		.uleb128 0x49
 404 0059 13       		.uleb128 0x13
 405 005a 00       		.byte	0
 406 005b 00       		.byte	0
 407 005c 00       		.byte	0
 408              		.section	.debug_aranges,"",%progbits
 409 0000 14000000 		.4byte	0x14
 410 0004 0200     		.2byte	0x2
 411 0006 00000000 		.4byte	.Ldebug_info0
 412 000a 04       		.byte	0x4
 413 000b 00       		.byte	0
 414 000c 0000     		.2byte	0
 415 000e 0000     		.2byte	0
 416 0010 00000000 		.4byte	0
 417 0014 00000000 		.4byte	0
 418              		.section	.debug_line,"",%progbits
 419              	.Ldebug_line0:
 420 0000 4F000000 		.section	.debug_str,"MS",%progbits,1
 420      02004900 
 420      00000201 
 420      FB0E0D00 
 420      01010101 
 421              	.LASF16:
 422 0000 2E5C4765 		.ascii	".\\Generated_Source\\PSoC5\\cymetadata.c\000"
 422      6E657261 
 422      7465645F 
 422      536F7572 
 422      63655C50 
 423              	.LASF17:
 424 0026 433A5C55 		.ascii	"C:\\Users\\Jonas\\Dropbox\\IRT PSoC4 solutions\\E4I"
 424      73657273 
 424      5C4A6F6E 
 424      61735C44 
 424      726F7062 
 425 0054 52545F45 		.ascii	"RT_EX5\\IRT_EX5_1\\IRT_EX5_1.cydsn\000"
 425      58355C49 
 425      52545F45 
 425      58355F31 
 425      5C495254 
 426              	.LASF9:
 427 0075 666C6F61 		.ascii	"float\000"
 427      7400
 428              	.LASF1:
 429 007b 756E7369 		.ascii	"unsigned char\000"
 429      676E6564 
 429      20636861 
 429      7200
 430              	.LASF5:
 431 0089 6C6F6E67 		.ascii	"long unsigned int\000"
 431      20756E73 
ARM GAS  C:\Users\Jonas\AppData\Local\Temp\ccsreofP.s 			page 9


 431      69676E65 
 431      6420696E 
 431      7400
 432              	.LASF3:
 433 009b 73686F72 		.ascii	"short unsigned int\000"
 433      7420756E 
 433      7369676E 
 433      65642069 
 433      6E7400
 434              	.LASF10:
 435 00ae 646F7562 		.ascii	"double\000"
 435      6C6500
 436              	.LASF14:
 437 00b5 63795F6D 		.ascii	"cy_meta_configecc\000"
 437      6574615F 
 437      636F6E66 
 437      69676563 
 437      6300
 438              	.LASF8:
 439 00c7 756E7369 		.ascii	"unsigned int\000"
 439      676E6564 
 439      20696E74 
 439      00
 440              	.LASF7:
 441 00d4 6C6F6E67 		.ascii	"long long unsigned int\000"
 441      206C6F6E 
 441      6720756E 
 441      7369676E 
 441      65642069 
 442              	.LASF13:
 443 00eb 63795F6D 		.ascii	"cy_meta_loadable\000"
 443      6574615F 
 443      6C6F6164 
 443      61626C65 
 443      00
 444              	.LASF12:
 445 00fc 73697A65 		.ascii	"sizetype\000"
 445      74797065 
 445      00
 446              	.LASF6:
 447 0105 6C6F6E67 		.ascii	"long long int\000"
 447      206C6F6E 
 447      6720696E 
 447      7400
 448              	.LASF11:
 449 0113 63686172 		.ascii	"char\000"
 449      00
 450              	.LASF2:
 451 0118 73686F72 		.ascii	"short int\000"
 451      7420696E 
 451      7400
 452              	.LASF18:
 453 0122 75696E74 		.ascii	"uint8\000"
 453      3800
 454              	.LASF15:
 455 0128 474E5520 		.ascii	"GNU C 4.7.3 20130312 (release) [ARM/embedded-4_7-br"
 455      4320342E 
ARM GAS  C:\Users\Jonas\AppData\Local\Temp\ccsreofP.s 			page 10


 455      372E3320 
 455      32303133 
 455      30333132 
 456 015b 616E6368 		.ascii	"anch revision 196615]\000"
 456      20726576 
 456      6973696F 
 456      6E203139 
 456      36363135 
 457              	.LASF4:
 458 0171 6C6F6E67 		.ascii	"long int\000"
 458      20696E74 
 458      00
 459              	.LASF0:
 460 017a 7369676E 		.ascii	"signed char\000"
 460      65642063 
 460      68617200 
 461              		.ident	"GCC: (GNU Tools for ARM Embedded Processors) 4.7.3 20130312 (release) [ARM/embedded-4_7-br
